::1 - - [06/Jun/2020:10:04:16 +0000] "GET / HTTP/1.1" 304 - "-" "Mozilla/5.0 (Windows NT 10.0; Win64; x64) AppleWebKit/537.36 (KHTML, like Gecko) Chrome/83.0.4103.97 Safari/537.36"
::1 - - [06/Jun/2020:10:04:17 +0000] "GET /favicon.ico HTTP/1.1" 404 150 "http://localhost:8000/" "Mozilla/5.0 (Windows NT 10.0; Win64; x64) AppleWebKit/537.36 (KHTML, like Gecko) Chrome/83.0.4103.97 Safari/537.36"
::1 - - [06/Jun/2020:10:04:18 +0000] "GET / HTTP/1.1" 304 - "-" "Mozilla/5.0 (Windows NT 10.0; Win64; x64) AppleWebKit/537.36 (KHTML, like Gecko) Chrome/83.0.4103.97 Safari/537.36"
::1 - - [07/Jun/2020:19:36:48 +0000] "GET / HTTP/1.1" 304 - "-" "Mozilla/5.0 (Windows NT 10.0; Win64; x64) AppleWebKit/537.36 (KHTML, like Gecko) Chrome/83.0.4103.97 Safari/537.36"
::1 - - [07/Jun/2020:19:36:49 +0000] "GET /favicon.ico HTTP/1.1" 404 150 "http://localhost:8000/" "Mozilla/5.0 (Windows NT 10.0; Win64; x64) AppleWebKit/537.36 (KHTML, like Gecko) Chrome/83.0.4103.97 Safari/537.36"
::1 - - [07/Jun/2020:19:36:51 +0000] "GET / HTTP/1.1" 304 - "-" "Mozilla/5.0 (Windows NT 10.0; Win64; x64) AppleWebKit/537.36 (KHTML, like Gecko) Chrome/83.0.4103.97 Safari/537.36"
::1 - - [07/Jun/2020:19:36:55 +0000] "GET / HTTP/1.1" 304 - "-" "Mozilla/5.0 (Windows NT 10.0; Win64; x64) AppleWebKit/537.36 (KHTML, like Gecko) Chrome/83.0.4103.97 Safari/537.36"
::1 - - [07/Jun/2020:19:37:14 +0000] "GET / HTTP/1.1" 304 - "-" "Mozilla/5.0 (Windows NT 10.0; Win64; x64) AppleWebKit/537.36 (KHTML, like Gecko) Chrome/83.0.4103.97 Safari/537.36"
::1 - - [07/Jun/2020:19:37:16 +0000] "GET / HTTP/1.1" 304 - "-" "Mozilla/5.0 (Windows NT 10.0; Win64; x64) AppleWebKit/537.36 (KHTML, like Gecko) Chrome/83.0.4103.97 Safari/537.36"
::1 - - [07/Jun/2020:19:39:14 +0000] "GET / HTTP/1.1" 304 - "-" "Mozilla/5.0 (Windows NT 10.0; Win64; x64) AppleWebKit/537.36 (KHTML, like Gecko) Chrome/83.0.4103.97 Safari/537.36"
::1 - - [07/Jun/2020:19:39:15 +0000] "GET / HTTP/1.1" 304 - "-" "Mozilla/5.0 (Windows NT 10.0; Win64; x64) AppleWebKit/537.36 (KHTML, like Gecko) Chrome/83.0.4103.97 Safari/537.36"
::1 - - [07/Jun/2020:19:39:21 +0000] "GET / HTTP/1.1" 304 - "-" "Mozilla/5.0 (Windows NT 10.0; Win64; x64) AppleWebKit/537.36 (KHTML, like Gecko) Chrome/83.0.4103.97 Safari/537.36"
::1 - - [07/Jun/2020:19:39:22 +0000] "GET / HTTP/1.1" 304 - "-" "Mozilla/5.0 (Windows NT 10.0; Win64; x64) AppleWebKit/537.36 (KHTML, like Gecko) Chrome/83.0.4103.97 Safari/537.36"
::1 - - [07/Jun/2020:19:39:27 +0000] "GET /users/sign-in HTTP/1.1" 200 1847 "http://localhost:8000/" "Mozilla/5.0 (Windows NT 10.0; Win64; x64) AppleWebKit/537.36 (KHTML, like Gecko) Chrome/83.0.4103.97 Safari/537.36"
::1 - - [07/Jun/2020:19:39:29 +0000] "POST /users/create-session HTTP/1.1" 302 46 "http://localhost:8000/users/sign-in" "Mozilla/5.0 (Windows NT 10.0; Win64; x64) AppleWebKit/537.36 (KHTML, like Gecko) Chrome/83.0.4103.97 Safari/537.36"
::1 - - [07/Jun/2020:19:39:29 +0000] "GET / HTTP/1.1" 200 9090 "http://localhost:8000/users/sign-in" "Mozilla/5.0 (Windows NT 10.0; Win64; x64) AppleWebKit/537.36 (KHTML, like Gecko) Chrome/83.0.4103.97 Safari/537.36"
::1 - - [07/Jun/2020:19:39:37 +0000] "GET / HTTP/1.1" 200 8729 "http://localhost:8000/users/sign-in" "Mozilla/5.0 (Windows NT 10.0; Win64; x64) AppleWebKit/537.36 (KHTML, like Gecko) Chrome/83.0.4103.97 Safari/537.36"
::1 - - [07/Jun/2020:19:39:49 +0000] "GET / HTTP/1.1" 304 - "http://localhost:8000/users/sign-in" "Mozilla/5.0 (Windows NT 10.0; Win64; x64) AppleWebKit/537.36 (KHTML, like Gecko) Chrome/83.0.4103.97 Safari/537.36"
::1 - - [07/Jun/2020:19:44:00 +0000] "GET / HTTP/1.1" 304 - "http://localhost:8000/users/sign-in" "Mozilla/5.0 (Windows NT 10.0; Win64; x64) AppleWebKit/537.36 (KHTML, like Gecko) Chrome/83.0.4103.97 Safari/537.36"
::1 - - [07/Jun/2020:19:47:27 +0000] "GET / HTTP/1.1" 304 - "http://localhost:8000/users/sign-in" "Mozilla/5.0 (Windows NT 10.0; Win64; x64) AppleWebKit/537.36 (KHTML, like Gecko) Chrome/83.0.4103.97 Safari/537.36"
::1 - - [07/Jun/2020:19:47:27 +0000] "GET /css/header.css HTTP/1.1" 404 153 "http://localhost:8000/" "Mozilla/5.0 (Windows NT 10.0; Win64; x64) AppleWebKit/537.36 (KHTML, like Gecko) Chrome/83.0.4103.97 Safari/537.36"
::1 - - [07/Jun/2020:19:47:27 +0000] "GET /css/layout.css HTTP/1.1" 404 153 "http://localhost:8000/" "Mozilla/5.0 (Windows NT 10.0; Win64; x64) AppleWebKit/537.36 (KHTML, like Gecko) Chrome/83.0.4103.97 Safari/537.36"
::1 - - [07/Jun/2020:19:47:27 +0000] "GET /css/chat_box.css HTTP/1.1" 404 155 "http://localhost:8000/" "Mozilla/5.0 (Windows NT 10.0; Win64; x64) AppleWebKit/537.36 (KHTML, like Gecko) Chrome/83.0.4103.97 Safari/537.36"
::1 - - [07/Jun/2020:19:47:27 +0000] "GET /css/home.css HTTP/1.1" 404 151 "http://localhost:8000/" "Mozilla/5.0 (Windows NT 10.0; Win64; x64) AppleWebKit/537.36 (KHTML, like Gecko) Chrome/83.0.4103.97 Safari/537.36"
::1 - - [07/Jun/2020:19:47:27 +0000] "GET /css/footer.css HTTP/1.1" 404 153 "http://localhost:8000/" "Mozilla/5.0 (Windows NT 10.0; Win64; x64) AppleWebKit/537.36 (KHTML, like Gecko) Chrome/83.0.4103.97 Safari/537.36"
::1 - - [07/Jun/2020:19:47:27 +0000] "GET /js/home_comment.js HTTP/1.1" 404 157 "http://localhost:8000/" "Mozilla/5.0 (Windows NT 10.0; Win64; x64) AppleWebKit/537.36 (KHTML, like Gecko) Chrome/83.0.4103.97 Safari/537.36"
::1 - - [07/Jun/2020:19:47:27 +0000] "GET /js/home_post.js HTTP/1.1" 404 154 "http://localhost:8000/" "Mozilla/5.0 (Windows NT 10.0; Win64; x64) AppleWebKit/537.36 (KHTML, like Gecko) Chrome/83.0.4103.97 Safari/537.36"
::1 - - [07/Jun/2020:19:47:27 +0000] "GET /js/toggle_likes.js HTTP/1.1" 404 157 "http://localhost:8000/" "Mozilla/5.0 (Windows NT 10.0; Win64; x64) AppleWebKit/537.36 (KHTML, like Gecko) Chrome/83.0.4103.97 Safari/537.36"
::1 - - [07/Jun/2020:19:47:27 +0000] "GET /js/chat_engine.js HTTP/1.1" 404 156 "http://localhost:8000/" "Mozilla/5.0 (Windows NT 10.0; Win64; x64) AppleWebKit/537.36 (KHTML, like Gecko) Chrome/83.0.4103.97 Safari/537.36"
::1 - - [07/Jun/2020:19:47:33 +0000] "GET / HTTP/1.1" 304 - "http://localhost:8000/users/sign-in" "Mozilla/5.0 (Windows NT 10.0; Win64; x64) AppleWebKit/537.36 (KHTML, like Gecko) Chrome/83.0.4103.97 Safari/537.36"
::1 - - [07/Jun/2020:19:47:33 +0000] "GET /css/layout.css HTTP/1.1" 404 153 "http://localhost:8000/" "Mozilla/5.0 (Windows NT 10.0; Win64; x64) AppleWebKit/537.36 (KHTML, like Gecko) Chrome/83.0.4103.97 Safari/537.36"
::1 - - [07/Jun/2020:19:47:33 +0000] "GET /css/header.css HTTP/1.1" 404 153 "http://localhost:8000/" "Mozilla/5.0 (Windows NT 10.0; Win64; x64) AppleWebKit/537.36 (KHTML, like Gecko) Chrome/83.0.4103.97 Safari/537.36"
::1 - - [07/Jun/2020:19:47:33 +0000] "GET /css/footer.css HTTP/1.1" 404 153 "http://localhost:8000/" "Mozilla/5.0 (Windows NT 10.0; Win64; x64) AppleWebKit/537.36 (KHTML, like Gecko) Chrome/83.0.4103.97 Safari/537.36"
::1 - - [07/Jun/2020:19:47:33 +0000] "GET /css/home.css HTTP/1.1" 404 151 "http://localhost:8000/" "Mozilla/5.0 (Windows NT 10.0; Win64; x64) AppleWebKit/537.36 (KHTML, like Gecko) Chrome/83.0.4103.97 Safari/537.36"
::1 - - [07/Jun/2020:19:47:33 +0000] "GET /css/chat_box.css HTTP/1.1" 404 155 "http://localhost:8000/" "Mozilla/5.0 (Windows NT 10.0; Win64; x64) AppleWebKit/537.36 (KHTML, like Gecko) Chrome/83.0.4103.97 Safari/537.36"
::1 - - [07/Jun/2020:19:47:33 +0000] "GET /js/home_comment.js HTTP/1.1" 404 157 "http://localhost:8000/" "Mozilla/5.0 (Windows NT 10.0; Win64; x64) AppleWebKit/537.36 (KHTML, like Gecko) Chrome/83.0.4103.97 Safari/537.36"
::1 - - [07/Jun/2020:19:47:33 +0000] "GET /js/home_post.js HTTP/1.1" 404 154 "http://localhost:8000/" "Mozilla/5.0 (Windows NT 10.0; Win64; x64) AppleWebKit/537.36 (KHTML, like Gecko) Chrome/83.0.4103.97 Safari/537.36"
::1 - - [07/Jun/2020:19:47:33 +0000] "GET /js/toggle_likes.js HTTP/1.1" 404 157 "http://localhost:8000/" "Mozilla/5.0 (Windows NT 10.0; Win64; x64) AppleWebKit/537.36 (KHTML, like Gecko) Chrome/83.0.4103.97 Safari/537.36"
::1 - - [07/Jun/2020:19:47:33 +0000] "GET /js/chat_engine.js HTTP/1.1" 404 156 "http://localhost:8000/" "Mozilla/5.0 (Windows NT 10.0; Win64; x64) AppleWebKit/537.36 (KHTML, like Gecko) Chrome/83.0.4103.97 Safari/537.36"
::1 - - [07/Jun/2020:19:49:28 +0000] "GET / HTTP/1.1" 304 - "http://localhost:8000/users/sign-in" "Mozilla/5.0 (Windows NT 10.0; Win64; x64) AppleWebKit/537.36 (KHTML, like Gecko) Chrome/83.0.4103.97 Safari/537.36"
::1 - - [07/Jun/2020:19:49:28 +0000] "GET /css/layout.css HTTP/1.1" 404 153 "http://localhost:8000/" "Mozilla/5.0 (Windows NT 10.0; Win64; x64) AppleWebKit/537.36 (KHTML, like Gecko) Chrome/83.0.4103.97 Safari/537.36"
::1 - - [07/Jun/2020:19:49:28 +0000] "GET /css/header.css HTTP/1.1" 404 153 "http://localhost:8000/" "Mozilla/5.0 (Windows NT 10.0; Win64; x64) AppleWebKit/537.36 (KHTML, like Gecko) Chrome/83.0.4103.97 Safari/537.36"
::1 - - [07/Jun/2020:19:49:28 +0000] "GET /css/home.css HTTP/1.1" 404 151 "http://localhost:8000/" "Mozilla/5.0 (Windows NT 10.0; Win64; x64) AppleWebKit/537.36 (KHTML, like Gecko) Chrome/83.0.4103.97 Safari/537.36"
::1 - - [07/Jun/2020:19:49:28 +0000] "GET /css/footer.css HTTP/1.1" 404 153 "http://localhost:8000/" "Mozilla/5.0 (Windows NT 10.0; Win64; x64) AppleWebKit/537.36 (KHTML, like Gecko) Chrome/83.0.4103.97 Safari/537.36"
::1 - - [07/Jun/2020:19:49:28 +0000] "GET /css/chat_box.css HTTP/1.1" 404 155 "http://localhost:8000/" "Mozilla/5.0 (Windows NT 10.0; Win64; x64) AppleWebKit/537.36 (KHTML, like Gecko) Chrome/83.0.4103.97 Safari/537.36"
::1 - - [07/Jun/2020:19:49:28 +0000] "GET /js/home_comment.js HTTP/1.1" 404 157 "http://localhost:8000/" "Mozilla/5.0 (Windows NT 10.0; Win64; x64) AppleWebKit/537.36 (KHTML, like Gecko) Chrome/83.0.4103.97 Safari/537.36"
::1 - - [07/Jun/2020:19:49:28 +0000] "GET /js/home_post.js HTTP/1.1" 404 154 "http://localhost:8000/" "Mozilla/5.0 (Windows NT 10.0; Win64; x64) AppleWebKit/537.36 (KHTML, like Gecko) Chrome/83.0.4103.97 Safari/537.36"
::1 - - [07/Jun/2020:19:49:28 +0000] "GET /js/toggle_likes.js HTTP/1.1" 404 157 "http://localhost:8000/" "Mozilla/5.0 (Windows NT 10.0; Win64; x64) AppleWebKit/537.36 (KHTML, like Gecko) Chrome/83.0.4103.97 Safari/537.36"
::1 - - [07/Jun/2020:19:49:28 +0000] "GET /js/chat_engine.js HTTP/1.1" 404 156 "http://localhost:8000/" "Mozilla/5.0 (Windows NT 10.0; Win64; x64) AppleWebKit/537.36 (KHTML, like Gecko) Chrome/83.0.4103.97 Safari/537.36"
::1 - - [07/Jun/2020:20:17:22 +0000] "GET / HTTP/1.1" 500 148 "http://localhost:8000/users/sign-in" "Mozilla/5.0 (Windows NT 10.0; Win64; x64) AppleWebKit/537.36 (KHTML, like Gecko) Chrome/83.0.4103.97 Safari/537.36"
::1 - - [07/Jun/2020:20:17:23 +0000] "GET / HTTP/1.1" 500 148 "http://localhost:8000/users/sign-in" "Mozilla/5.0 (Windows NT 10.0; Win64; x64) AppleWebKit/537.36 (KHTML, like Gecko) Chrome/83.0.4103.97 Safari/537.36"
::1 - - [07/Jun/2020:20:17:24 +0000] "GET / HTTP/1.1" 500 148 "http://localhost:8000/users/sign-in" "Mozilla/5.0 (Windows NT 10.0; Win64; x64) AppleWebKit/537.36 (KHTML, like Gecko) Chrome/83.0.4103.97 Safari/537.36"
::1 - - [07/Jun/2020:20:17:33 +0000] "GET / HTTP/1.1" 500 148 "-" "Mozilla/5.0 (Windows NT 10.0; Win64; x64) AppleWebKit/537.36 (KHTML, like Gecko) Chrome/83.0.4103.97 Safari/537.36"
::1 - - [07/Jun/2020:20:17:35 +0000] "GET / HTTP/1.1" 500 148 "-" "Mozilla/5.0 (Windows NT 10.0; Win64; x64) AppleWebKit/537.36 (KHTML, like Gecko) Chrome/83.0.4103.97 Safari/537.36"
::1 - - [07/Jun/2020:20:17:36 +0000] "GET / HTTP/1.1" 500 148 "-" "Mozilla/5.0 (Windows NT 10.0; Win64; x64) AppleWebKit/537.36 (KHTML, like Gecko) Chrome/83.0.4103.97 Safari/537.36"
::1 - - [07/Jun/2020:20:19:23 +0000] "GET / HTTP/1.1" 500 148 "-" "Mozilla/5.0 (Windows NT 10.0; Win64; x64) AppleWebKit/537.36 (KHTML, like Gecko) Chrome/83.0.4103.97 Safari/537.36"
::1 - - [07/Jun/2020:20:21:04 +0000] "GET / HTTP/1.1" 500 148 "-" "Mozilla/5.0 (Windows NT 10.0; Win64; x64) AppleWebKit/537.36 (KHTML, like Gecko) Chrome/83.0.4103.97 Safari/537.36"
::1 - - [07/Jun/2020:20:21:05 +0000] "GET / HTTP/1.1" 500 148 "-" "Mozilla/5.0 (Windows NT 10.0; Win64; x64) AppleWebKit/537.36 (KHTML, like Gecko) Chrome/83.0.4103.97 Safari/537.36"
::1 - - [07/Jun/2020:20:21:06 +0000] "GET / HTTP/1.1" 500 148 "-" "Mozilla/5.0 (Windows NT 10.0; Win64; x64) AppleWebKit/537.36 (KHTML, like Gecko) Chrome/83.0.4103.97 Safari/537.36"
::1 - - [07/Jun/2020:20:21:21 +0000] "GET / HTTP/1.1" 500 148 "-" "Mozilla/5.0 (Windows NT 10.0; Win64; x64) AppleWebKit/537.36 (KHTML, like Gecko) Chrome/83.0.4103.97 Safari/537.36"
::1 - - [07/Jun/2020:20:21:29 +0000] "GET / HTTP/1.1" 500 148 "-" "Mozilla/5.0 (Windows NT 10.0; Win64; x64) AppleWebKit/537.36 (KHTML, like Gecko) Chrome/83.0.4103.97 Safari/537.36"
::1 - - [07/Jun/2020:20:21:34 +0000] "GET / HTTP/1.1" 500 148 "-" "Mozilla/5.0 (Windows NT 10.0; Win64; x64) AppleWebKit/537.36 (KHTML, like Gecko) Chrome/83.0.4103.97 Safari/537.36"
::1 - - [07/Jun/2020:20:21:36 +0000] "GET / HTTP/1.1" 500 148 "-" "Mozilla/5.0 (Windows NT 10.0; Win64; x64) AppleWebKit/537.36 (KHTML, like Gecko) Chrome/83.0.4103.97 Safari/537.36"
::1 - - [07/Jun/2020:20:21:37 +0000] "GET / HTTP/1.1" 500 148 "-" "Mozilla/5.0 (Windows NT 10.0; Win64; x64) AppleWebKit/537.36 (KHTML, like Gecko) Chrome/83.0.4103.97 Safari/537.36"
::1 - - [07/Jun/2020:20:22:15 +0000] "GET / HTTP/1.1" 500 148 "-" "Mozilla/5.0 (Windows NT 10.0; Win64; x64) AppleWebKit/537.36 (KHTML, like Gecko) Chrome/83.0.4103.97 Safari/537.36"
::1 - - [07/Jun/2020:20:22:16 +0000] "GET / HTTP/1.1" 500 148 "-" "Mozilla/5.0 (Windows NT 10.0; Win64; x64) AppleWebKit/537.36 (KHTML, like Gecko) Chrome/83.0.4103.97 Safari/537.36"
::1 - - [07/Jun/2020:20:33:35 +0000] "GET / HTTP/1.1" 500 148 "-" "Mozilla/5.0 (Windows NT 10.0; Win64; x64) AppleWebKit/537.36 (KHTML, like Gecko) Chrome/83.0.4103.97 Safari/537.36"
::1 - - [07/Jun/2020:20:33:36 +0000] "GET / HTTP/1.1" 500 148 "-" "Mozilla/5.0 (Windows NT 10.0; Win64; x64) AppleWebKit/537.36 (KHTML, like Gecko) Chrome/83.0.4103.97 Safari/537.36"
::1 - - [08/Jun/2020:08:06:39 +0000] "GET / HTTP/1.1" 200 5792 "-" "Mozilla/5.0 (Windows NT 10.0; Win64; x64) AppleWebKit/537.36 (KHTML, like Gecko) Chrome/83.0.4103.97 Safari/537.36"
::1 - - [08/Jun/2020:08:06:39 +0000] "GET /css/footer.css HTTP/1.1" 404 153 "http://localhost:8000/" "Mozilla/5.0 (Windows NT 10.0; Win64; x64) AppleWebKit/537.36 (KHTML, like Gecko) Chrome/83.0.4103.97 Safari/537.36"
::1 - - [08/Jun/2020:08:06:39 +0000] "GET /css/home.css HTTP/1.1" 404 151 "http://localhost:8000/" "Mozilla/5.0 (Windows NT 10.0; Win64; x64) AppleWebKit/537.36 (KHTML, like Gecko) Chrome/83.0.4103.97 Safari/537.36"
::1 - - [08/Jun/2020:08:06:39 +0000] "GET /css/header.css HTTP/1.1" 404 153 "http://localhost:8000/" "Mozilla/5.0 (Windows NT 10.0; Win64; x64) AppleWebKit/537.36 (KHTML, like Gecko) Chrome/83.0.4103.97 Safari/537.36"
::1 - - [08/Jun/2020:08:06:39 +0000] "GET /css/chat_box.css HTTP/1.1" 404 155 "http://localhost:8000/" "Mozilla/5.0 (Windows NT 10.0; Win64; x64) AppleWebKit/537.36 (KHTML, like Gecko) Chrome/83.0.4103.97 Safari/537.36"
::1 - - [08/Jun/2020:08:06:39 +0000] "GET /js/home_comment.js HTTP/1.1" 404 157 "http://localhost:8000/" "Mozilla/5.0 (Windows NT 10.0; Win64; x64) AppleWebKit/537.36 (KHTML, like Gecko) Chrome/83.0.4103.97 Safari/537.36"
::1 - - [08/Jun/2020:08:06:39 +0000] "GET /js/home_post.js HTTP/1.1" 404 154 "http://localhost:8000/" "Mozilla/5.0 (Windows NT 10.0; Win64; x64) AppleWebKit/537.36 (KHTML, like Gecko) Chrome/83.0.4103.97 Safari/537.36"
::1 - - [08/Jun/2020:08:06:39 +0000] "GET /css/header.css HTTP/1.1" 404 153 "http://localhost:8000/" "Mozilla/5.0 (Windows NT 10.0; Win64; x64) AppleWebKit/537.36 (KHTML, like Gecko) Chrome/83.0.4103.97 Safari/537.36"
::1 - - [08/Jun/2020:08:06:39 +0000] "GET /css/footer.css HTTP/1.1" 404 153 "http://localhost:8000/" "Mozilla/5.0 (Windows NT 10.0; Win64; x64) AppleWebKit/537.36 (KHTML, like Gecko) Chrome/83.0.4103.97 Safari/537.36"
::1 - - [08/Jun/2020:08:06:39 +0000] "GET /css/home.css HTTP/1.1" 404 151 "http://localhost:8000/" "Mozilla/5.0 (Windows NT 10.0; Win64; x64) AppleWebKit/537.36 (KHTML, like Gecko) Chrome/83.0.4103.97 Safari/537.36"
::1 - - [08/Jun/2020:08:06:39 +0000] "GET /css/chat_box.css HTTP/1.1" 404 155 "http://localhost:8000/" "Mozilla/5.0 (Windows NT 10.0; Win64; x64) AppleWebKit/537.36 (KHTML, like Gecko) Chrome/83.0.4103.97 Safari/537.36"
::1 - - [08/Jun/2020:08:06:39 +0000] "GET /js/toggle_likes.js HTTP/1.1" 404 157 "http://localhost:8000/" "Mozilla/5.0 (Windows NT 10.0; Win64; x64) AppleWebKit/537.36 (KHTML, like Gecko) Chrome/83.0.4103.97 Safari/537.36"
::1 - - [08/Jun/2020:08:06:39 +0000] "GET /js/home_comment.js HTTP/1.1" 404 157 "http://localhost:8000/" "Mozilla/5.0 (Windows NT 10.0; Win64; x64) AppleWebKit/537.36 (KHTML, like Gecko) Chrome/83.0.4103.97 Safari/537.36"
::1 - - [08/Jun/2020:08:06:39 +0000] "GET /js/chat_engine.js HTTP/1.1" 404 156 "http://localhost:8000/" "Mozilla/5.0 (Windows NT 10.0; Win64; x64) AppleWebKit/537.36 (KHTML, like Gecko) Chrome/83.0.4103.97 Safari/537.36"
::1 - - [08/Jun/2020:08:06:39 +0000] "GET /js/home_post.js HTTP/1.1" 404 154 "http://localhost:8000/" "Mozilla/5.0 (Windows NT 10.0; Win64; x64) AppleWebKit/537.36 (KHTML, like Gecko) Chrome/83.0.4103.97 Safari/537.36"
::1 - - [08/Jun/2020:08:06:39 +0000] "GET /js/toggle_likes.js HTTP/1.1" 404 157 "http://localhost:8000/" "Mozilla/5.0 (Windows NT 10.0; Win64; x64) AppleWebKit/537.36 (KHTML, like Gecko) Chrome/83.0.4103.97 Safari/537.36"
::1 - - [08/Jun/2020:08:06:39 +0000] "GET /js/chat_engine.js HTTP/1.1" 404 156 "http://localhost:8000/" "Mozilla/5.0 (Windows NT 10.0; Win64; x64) AppleWebKit/537.36 (KHTML, like Gecko) Chrome/83.0.4103.97 Safari/537.36"
::1 - - [08/Jun/2020:08:06:39 +0000] "GET /favicon.ico HTTP/1.1" 404 150 "http://localhost:8000/" "Mozilla/5.0 (Windows NT 10.0; Win64; x64) AppleWebKit/537.36 (KHTML, like Gecko) Chrome/83.0.4103.97 Safari/537.36"
::1 - - [08/Jun/2020:08:06:40 +0000] "GET / HTTP/1.1" 304 - "-" "Mozilla/5.0 (Windows NT 10.0; Win64; x64) AppleWebKit/537.36 (KHTML, like Gecko) Chrome/83.0.4103.97 Safari/537.36"
::1 - - [08/Jun/2020:08:06:40 +0000] "GET /css/header.css HTTP/1.1" 404 153 "http://localhost:8000/" "Mozilla/5.0 (Windows NT 10.0; Win64; x64) AppleWebKit/537.36 (KHTML, like Gecko) Chrome/83.0.4103.97 Safari/537.36"
::1 - - [08/Jun/2020:08:06:40 +0000] "GET /css/footer.css HTTP/1.1" 404 153 "http://localhost:8000/" "Mozilla/5.0 (Windows NT 10.0; Win64; x64) AppleWebKit/537.36 (KHTML, like Gecko) Chrome/83.0.4103.97 Safari/537.36"
::1 - - [08/Jun/2020:08:06:40 +0000] "GET /css/home.css HTTP/1.1" 404 151 "http://localhost:8000/" "Mozilla/5.0 (Windows NT 10.0; Win64; x64) AppleWebKit/537.36 (KHTML, like Gecko) Chrome/83.0.4103.97 Safari/537.36"
::1 - - [08/Jun/2020:08:06:40 +0000] "GET /css/chat_box.css HTTP/1.1" 404 155 "http://localhost:8000/" "Mozilla/5.0 (Windows NT 10.0; Win64; x64) AppleWebKit/537.36 (KHTML, like Gecko) Chrome/83.0.4103.97 Safari/537.36"
::1 - - [08/Jun/2020:08:06:40 +0000] "GET /js/home_comment.js HTTP/1.1" 404 157 "http://localhost:8000/" "Mozilla/5.0 (Windows NT 10.0; Win64; x64) AppleWebKit/537.36 (KHTML, like Gecko) Chrome/83.0.4103.97 Safari/537.36"
::1 - - [08/Jun/2020:08:06:40 +0000] "GET /js/home_post.js HTTP/1.1" 404 154 "http://localhost:8000/" "Mozilla/5.0 (Windows NT 10.0; Win64; x64) AppleWebKit/537.36 (KHTML, like Gecko) Chrome/83.0.4103.97 Safari/537.36"
::1 - - [08/Jun/2020:08:06:40 +0000] "GET /js/toggle_likes.js HTTP/1.1" 404 157 "http://localhost:8000/" "Mozilla/5.0 (Windows NT 10.0; Win64; x64) AppleWebKit/537.36 (KHTML, like Gecko) Chrome/83.0.4103.97 Safari/537.36"
::1 - - [08/Jun/2020:08:06:40 +0000] "GET /js/chat_engine.js HTTP/1.1" 404 156 "http://localhost:8000/" "Mozilla/5.0 (Windows NT 10.0; Win64; x64) AppleWebKit/537.36 (KHTML, like Gecko) Chrome/83.0.4103.97 Safari/537.36"
::1 - - [08/Jun/2020:08:07:32 +0000] "GET / HTTP/1.1" 304 - "-" "Mozilla/5.0 (Windows NT 10.0; Win64; x64) AppleWebKit/537.36 (KHTML, like Gecko) Chrome/83.0.4103.97 Safari/537.36"
::1 - - [08/Jun/2020:08:07:32 +0000] "GET /css/header.css HTTP/1.1" 404 153 "http://localhost:8000/" "Mozilla/5.0 (Windows NT 10.0; Win64; x64) AppleWebKit/537.36 (KHTML, like Gecko) Chrome/83.0.4103.97 Safari/537.36"
::1 - - [08/Jun/2020:08:07:32 +0000] "GET /css/home.css HTTP/1.1" 404 151 "http://localhost:8000/" "Mozilla/5.0 (Windows NT 10.0; Win64; x64) AppleWebKit/537.36 (KHTML, like Gecko) Chrome/83.0.4103.97 Safari/537.36"
::1 - - [08/Jun/2020:08:07:32 +0000] "GET /css/footer.css HTTP/1.1" 404 153 "http://localhost:8000/" "Mozilla/5.0 (Windows NT 10.0; Win64; x64) AppleWebKit/537.36 (KHTML, like Gecko) Chrome/83.0.4103.97 Safari/537.36"
::1 - - [08/Jun/2020:08:07:32 +0000] "GET /css/chat_box.css HTTP/1.1" 404 155 "http://localhost:8000/" "Mozilla/5.0 (Windows NT 10.0; Win64; x64) AppleWebKit/537.36 (KHTML, like Gecko) Chrome/83.0.4103.97 Safari/537.36"
::1 - - [08/Jun/2020:08:07:32 +0000] "GET /js/home_comment.js HTTP/1.1" 404 157 "http://localhost:8000/" "Mozilla/5.0 (Windows NT 10.0; Win64; x64) AppleWebKit/537.36 (KHTML, like Gecko) Chrome/83.0.4103.97 Safari/537.36"
::1 - - [08/Jun/2020:08:07:32 +0000] "GET /js/home_post.js HTTP/1.1" 404 154 "http://localhost:8000/" "Mozilla/5.0 (Windows NT 10.0; Win64; x64) AppleWebKit/537.36 (KHTML, like Gecko) Chrome/83.0.4103.97 Safari/537.36"
::1 - - [08/Jun/2020:08:07:32 +0000] "GET /js/toggle_likes.js HTTP/1.1" 404 157 "http://localhost:8000/" "Mozilla/5.0 (Windows NT 10.0; Win64; x64) AppleWebKit/537.36 (KHTML, like Gecko) Chrome/83.0.4103.97 Safari/537.36"
::1 - - [08/Jun/2020:08:07:32 +0000] "GET /js/chat_engine.js HTTP/1.1" 404 156 "http://localhost:8000/" "Mozilla/5.0 (Windows NT 10.0; Win64; x64) AppleWebKit/537.36 (KHTML, like Gecko) Chrome/83.0.4103.97 Safari/537.36"
::1 - - [08/Jun/2020:08:07:34 +0000] "GET / HTTP/1.1" 304 - "-" "Mozilla/5.0 (Windows NT 10.0; Win64; x64) AppleWebKit/537.36 (KHTML, like Gecko) Chrome/83.0.4103.97 Safari/537.36"
::1 - - [08/Jun/2020:08:07:34 +0000] "GET /css/header.css HTTP/1.1" 404 153 "http://localhost:8000/" "Mozilla/5.0 (Windows NT 10.0; Win64; x64) AppleWebKit/537.36 (KHTML, like Gecko) Chrome/83.0.4103.97 Safari/537.36"
::1 - - [08/Jun/2020:08:07:34 +0000] "GET /css/footer.css HTTP/1.1" 404 153 "http://localhost:8000/" "Mozilla/5.0 (Windows NT 10.0; Win64; x64) AppleWebKit/537.36 (KHTML, like Gecko) Chrome/83.0.4103.97 Safari/537.36"
::1 - - [08/Jun/2020:08:07:34 +0000] "GET /css/home.css HTTP/1.1" 404 151 "http://localhost:8000/" "Mozilla/5.0 (Windows NT 10.0; Win64; x64) AppleWebKit/537.36 (KHTML, like Gecko) Chrome/83.0.4103.97 Safari/537.36"
::1 - - [08/Jun/2020:08:07:34 +0000] "GET /css/chat_box.css HTTP/1.1" 404 155 "http://localhost:8000/" "Mozilla/5.0 (Windows NT 10.0; Win64; x64) AppleWebKit/537.36 (KHTML, like Gecko) Chrome/83.0.4103.97 Safari/537.36"
::1 - - [08/Jun/2020:08:07:34 +0000] "GET /js/home_comment.js HTTP/1.1" 404 157 "http://localhost:8000/" "Mozilla/5.0 (Windows NT 10.0; Win64; x64) AppleWebKit/537.36 (KHTML, like Gecko) Chrome/83.0.4103.97 Safari/537.36"
::1 - - [08/Jun/2020:08:07:34 +0000] "GET /js/home_post.js HTTP/1.1" 404 154 "http://localhost:8000/" "Mozilla/5.0 (Windows NT 10.0; Win64; x64) AppleWebKit/537.36 (KHTML, like Gecko) Chrome/83.0.4103.97 Safari/537.36"
::1 - - [08/Jun/2020:08:07:34 +0000] "GET /js/toggle_likes.js HTTP/1.1" 404 157 "http://localhost:8000/" "Mozilla/5.0 (Windows NT 10.0; Win64; x64) AppleWebKit/537.36 (KHTML, like Gecko) Chrome/83.0.4103.97 Safari/537.36"
::1 - - [08/Jun/2020:08:07:34 +0000] "GET /js/chat_engine.js HTTP/1.1" 404 156 "http://localhost:8000/" "Mozilla/5.0 (Windows NT 10.0; Win64; x64) AppleWebKit/537.36 (KHTML, like Gecko) Chrome/83.0.4103.97 Safari/537.36"
::1 - - [08/Jun/2020:08:13:30 +0000] "GET / HTTP/1.1" 304 - "-" "Mozilla/5.0 (Windows NT 10.0; Win64; x64) AppleWebKit/537.36 (KHTML, like Gecko) Chrome/83.0.4103.97 Safari/537.36"
::1 - - [08/Jun/2020:08:13:30 +0000] "GET /css/header.css HTTP/1.1" 404 153 "http://localhost:8000/" "Mozilla/5.0 (Windows NT 10.0; Win64; x64) AppleWebKit/537.36 (KHTML, like Gecko) Chrome/83.0.4103.97 Safari/537.36"
::1 - - [08/Jun/2020:08:13:30 +0000] "GET /css/footer.css HTTP/1.1" 404 153 "http://localhost:8000/" "Mozilla/5.0 (Windows NT 10.0; Win64; x64) AppleWebKit/537.36 (KHTML, like Gecko) Chrome/83.0.4103.97 Safari/537.36"
::1 - - [08/Jun/2020:08:13:30 +0000] "GET /css/home.css HTTP/1.1" 404 151 "http://localhost:8000/" "Mozilla/5.0 (Windows NT 10.0; Win64; x64) AppleWebKit/537.36 (KHTML, like Gecko) Chrome/83.0.4103.97 Safari/537.36"
::1 - - [08/Jun/2020:08:13:30 +0000] "GET /css/chat_box.css HTTP/1.1" 404 155 "http://localhost:8000/" "Mozilla/5.0 (Windows NT 10.0; Win64; x64) AppleWebKit/537.36 (KHTML, like Gecko) Chrome/83.0.4103.97 Safari/537.36"
::1 - - [08/Jun/2020:08:13:30 +0000] "GET /js/home_comment.js HTTP/1.1" 404 157 "http://localhost:8000/" "Mozilla/5.0 (Windows NT 10.0; Win64; x64) AppleWebKit/537.36 (KHTML, like Gecko) Chrome/83.0.4103.97 Safari/537.36"
::1 - - [08/Jun/2020:08:13:30 +0000] "GET /js/home_post.js HTTP/1.1" 404 154 "http://localhost:8000/" "Mozilla/5.0 (Windows NT 10.0; Win64; x64) AppleWebKit/537.36 (KHTML, like Gecko) Chrome/83.0.4103.97 Safari/537.36"
::1 - - [08/Jun/2020:08:13:30 +0000] "GET /js/toggle_likes.js HTTP/1.1" 404 157 "http://localhost:8000/" "Mozilla/5.0 (Windows NT 10.0; Win64; x64) AppleWebKit/537.36 (KHTML, like Gecko) Chrome/83.0.4103.97 Safari/537.36"
::1 - - [08/Jun/2020:08:13:30 +0000] "GET /js/chat_engine.js HTTP/1.1" 404 156 "http://localhost:8000/" "Mozilla/5.0 (Windows NT 10.0; Win64; x64) AppleWebKit/537.36 (KHTML, like Gecko) Chrome/83.0.4103.97 Safari/537.36"
::1 - - [08/Jun/2020:08:13:30 +0000] "GET / HTTP/1.1" 304 - "-" "Mozilla/5.0 (Windows NT 10.0; Win64; x64) AppleWebKit/537.36 (KHTML, like Gecko) Chrome/83.0.4103.97 Safari/537.36"
::1 - - [08/Jun/2020:08:13:30 +0000] "GET /css/header.css HTTP/1.1" 404 153 "http://localhost:8000/" "Mozilla/5.0 (Windows NT 10.0; Win64; x64) AppleWebKit/537.36 (KHTML, like Gecko) Chrome/83.0.4103.97 Safari/537.36"
::1 - - [08/Jun/2020:08:13:30 +0000] "GET /css/footer.css HTTP/1.1" 404 153 "http://localhost:8000/" "Mozilla/5.0 (Windows NT 10.0; Win64; x64) AppleWebKit/537.36 (KHTML, like Gecko) Chrome/83.0.4103.97 Safari/537.36"
::1 - - [08/Jun/2020:08:13:30 +0000] "GET /css/home.css HTTP/1.1" 404 151 "http://localhost:8000/" "Mozilla/5.0 (Windows NT 10.0; Win64; x64) AppleWebKit/537.36 (KHTML, like Gecko) Chrome/83.0.4103.97 Safari/537.36"
::1 - - [08/Jun/2020:08:13:30 +0000] "GET /css/chat_box.css HTTP/1.1" 404 155 "http://localhost:8000/" "Mozilla/5.0 (Windows NT 10.0; Win64; x64) AppleWebKit/537.36 (KHTML, like Gecko) Chrome/83.0.4103.97 Safari/537.36"
::1 - - [08/Jun/2020:08:13:31 +0000] "GET /js/home_comment.js HTTP/1.1" 404 157 "http://localhost:8000/" "Mozilla/5.0 (Windows NT 10.0; Win64; x64) AppleWebKit/537.36 (KHTML, like Gecko) Chrome/83.0.4103.97 Safari/537.36"
::1 - - [08/Jun/2020:08:13:31 +0000] "GET /js/home_post.js HTTP/1.1" 404 154 "http://localhost:8000/" "Mozilla/5.0 (Windows NT 10.0; Win64; x64) AppleWebKit/537.36 (KHTML, like Gecko) Chrome/83.0.4103.97 Safari/537.36"
::1 - - [08/Jun/2020:08:13:31 +0000] "GET /js/toggle_likes.js HTTP/1.1" 404 157 "http://localhost:8000/" "Mozilla/5.0 (Windows NT 10.0; Win64; x64) AppleWebKit/537.36 (KHTML, like Gecko) Chrome/83.0.4103.97 Safari/537.36"
::1 - - [08/Jun/2020:08:13:31 +0000] "GET /js/chat_engine.js HTTP/1.1" 404 156 "http://localhost:8000/" "Mozilla/5.0 (Windows NT 10.0; Win64; x64) AppleWebKit/537.36 (KHTML, like Gecko) Chrome/83.0.4103.97 Safari/537.36"
::1 - - [08/Jun/2020:08:14:27 +0000] "GET / HTTP/1.1" 304 - "-" "Mozilla/5.0 (Windows NT 10.0; Win64; x64) AppleWebKit/537.36 (KHTML, like Gecko) Chrome/83.0.4103.97 Safari/537.36"
::1 - - [08/Jun/2020:08:14:27 +0000] "GET /css/header.css HTTP/1.1" 404 153 "http://localhost:8000/" "Mozilla/5.0 (Windows NT 10.0; Win64; x64) AppleWebKit/537.36 (KHTML, like Gecko) Chrome/83.0.4103.97 Safari/537.36"
::1 - - [08/Jun/2020:08:14:27 +0000] "GET /css/footer.css HTTP/1.1" 404 153 "http://localhost:8000/" "Mozilla/5.0 (Windows NT 10.0; Win64; x64) AppleWebKit/537.36 (KHTML, like Gecko) Chrome/83.0.4103.97 Safari/537.36"
::1 - - [08/Jun/2020:08:14:27 +0000] "GET /css/home.css HTTP/1.1" 404 151 "http://localhost:8000/" "Mozilla/5.0 (Windows NT 10.0; Win64; x64) AppleWebKit/537.36 (KHTML, like Gecko) Chrome/83.0.4103.97 Safari/537.36"
::1 - - [08/Jun/2020:08:14:27 +0000] "GET /css/chat_box.css HTTP/1.1" 404 155 "http://localhost:8000/" "Mozilla/5.0 (Windows NT 10.0; Win64; x64) AppleWebKit/537.36 (KHTML, like Gecko) Chrome/83.0.4103.97 Safari/537.36"
::1 - - [08/Jun/2020:08:14:27 +0000] "GET /js/home_comment.js HTTP/1.1" 404 157 "http://localhost:8000/" "Mozilla/5.0 (Windows NT 10.0; Win64; x64) AppleWebKit/537.36 (KHTML, like Gecko) Chrome/83.0.4103.97 Safari/537.36"
::1 - - [08/Jun/2020:08:14:27 +0000] "GET /js/home_post.js HTTP/1.1" 404 154 "http://localhost:8000/" "Mozilla/5.0 (Windows NT 10.0; Win64; x64) AppleWebKit/537.36 (KHTML, like Gecko) Chrome/83.0.4103.97 Safari/537.36"
::1 - - [08/Jun/2020:08:14:27 +0000] "GET /js/toggle_likes.js HTTP/1.1" 404 157 "http://localhost:8000/" "Mozilla/5.0 (Windows NT 10.0; Win64; x64) AppleWebKit/537.36 (KHTML, like Gecko) Chrome/83.0.4103.97 Safari/537.36"
::1 - - [08/Jun/2020:08:14:27 +0000] "GET /js/chat_engine.js HTTP/1.1" 404 156 "http://localhost:8000/" "Mozilla/5.0 (Windows NT 10.0; Win64; x64) AppleWebKit/537.36 (KHTML, like Gecko) Chrome/83.0.4103.97 Safari/537.36"
::1 - - [08/Jun/2020:08:15:21 +0000] "GET / HTTP/1.1" 304 - "-" "Mozilla/5.0 (Windows NT 10.0; Win64; x64) AppleWebKit/537.36 (KHTML, like Gecko) Chrome/83.0.4103.97 Safari/537.36"
::1 - - [08/Jun/2020:08:15:21 +0000] "GET /css/header.css HTTP/1.1" 404 153 "http://localhost:8000/" "Mozilla/5.0 (Windows NT 10.0; Win64; x64) AppleWebKit/537.36 (KHTML, like Gecko) Chrome/83.0.4103.97 Safari/537.36"
::1 - - [08/Jun/2020:08:15:21 +0000] "GET /css/footer.css HTTP/1.1" 404 153 "http://localhost:8000/" "Mozilla/5.0 (Windows NT 10.0; Win64; x64) AppleWebKit/537.36 (KHTML, like Gecko) Chrome/83.0.4103.97 Safari/537.36"
::1 - - [08/Jun/2020:08:15:21 +0000] "GET /css/home.css HTTP/1.1" 404 151 "http://localhost:8000/" "Mozilla/5.0 (Windows NT 10.0; Win64; x64) AppleWebKit/537.36 (KHTML, like Gecko) Chrome/83.0.4103.97 Safari/537.36"
::1 - - [08/Jun/2020:08:15:21 +0000] "GET /css/chat_box.css HTTP/1.1" 404 155 "http://localhost:8000/" "Mozilla/5.0 (Windows NT 10.0; Win64; x64) AppleWebKit/537.36 (KHTML, like Gecko) Chrome/83.0.4103.97 Safari/537.36"
::1 - - [08/Jun/2020:08:15:21 +0000] "GET /js/home_comment.js HTTP/1.1" 404 157 "http://localhost:8000/" "Mozilla/5.0 (Windows NT 10.0; Win64; x64) AppleWebKit/537.36 (KHTML, like Gecko) Chrome/83.0.4103.97 Safari/537.36"
::1 - - [08/Jun/2020:08:15:21 +0000] "GET /js/home_post.js HTTP/1.1" 404 154 "http://localhost:8000/" "Mozilla/5.0 (Windows NT 10.0; Win64; x64) AppleWebKit/537.36 (KHTML, like Gecko) Chrome/83.0.4103.97 Safari/537.36"
::1 - - [08/Jun/2020:08:15:21 +0000] "GET /js/toggle_likes.js HTTP/1.1" 404 157 "http://localhost:8000/" "Mozilla/5.0 (Windows NT 10.0; Win64; x64) AppleWebKit/537.36 (KHTML, like Gecko) Chrome/83.0.4103.97 Safari/537.36"
::1 - - [08/Jun/2020:08:15:21 +0000] "GET /js/chat_engine.js HTTP/1.1" 404 156 "http://localhost:8000/" "Mozilla/5.0 (Windows NT 10.0; Win64; x64) AppleWebKit/537.36 (KHTML, like Gecko) Chrome/83.0.4103.97 Safari/537.36"
::1 - - [08/Jun/2020:08:15:27 +0000] "GET /css/header.css HTTP/1.1" 404 153 "http://localhost:8000/" "Mozilla/5.0 (Windows NT 10.0; Win64; x64) AppleWebKit/537.36 (KHTML, like Gecko) Chrome/83.0.4103.97 Safari/537.36"
::1 - - [08/Jun/2020:08:15:27 +0000] "GET /css/footer.css HTTP/1.1" 404 153 "http://localhost:8000/" "Mozilla/5.0 (Windows NT 10.0; Win64; x64) AppleWebKit/537.36 (KHTML, like Gecko) Chrome/83.0.4103.97 Safari/537.36"
::1 - - [08/Jun/2020:08:15:27 +0000] "GET /css/home.css HTTP/1.1" 404 151 "http://localhost:8000/" "Mozilla/5.0 (Windows NT 10.0; Win64; x64) AppleWebKit/537.36 (KHTML, like Gecko) Chrome/83.0.4103.97 Safari/537.36"
::1 - - [08/Jun/2020:08:15:27 +0000] "GET /css/chat_box.css HTTP/1.1" 404 155 "http://localhost:8000/" "Mozilla/5.0 (Windows NT 10.0; Win64; x64) AppleWebKit/537.36 (KHTML, like Gecko) Chrome/83.0.4103.97 Safari/537.36"
::1 - - [08/Jun/2020:08:19:52 +0000] "GET / HTTP/1.1" 304 - "-" "Mozilla/5.0 (Linux; Android 6.0; Nexus 5 Build/MRA58N) AppleWebKit/537.36 (KHTML, like Gecko) Chrome/83.0.4103.97 Mobile Safari/537.36"
::1 - - [08/Jun/2020:08:19:52 +0000] "GET /css/header.css HTTP/1.1" 404 153 "http://localhost:8000/" "Mozilla/5.0 (Linux; Android 6.0; Nexus 5 Build/MRA58N) AppleWebKit/537.36 (KHTML, like Gecko) Chrome/83.0.4103.97 Mobile Safari/537.36"
::1 - - [08/Jun/2020:08:19:52 +0000] "GET /css/footer.css HTTP/1.1" 404 153 "http://localhost:8000/" "Mozilla/5.0 (Linux; Android 6.0; Nexus 5 Build/MRA58N) AppleWebKit/537.36 (KHTML, like Gecko) Chrome/83.0.4103.97 Mobile Safari/537.36"
::1 - - [08/Jun/2020:08:19:52 +0000] "GET /css/home.css HTTP/1.1" 404 151 "http://localhost:8000/" "Mozilla/5.0 (Linux; Android 6.0; Nexus 5 Build/MRA58N) AppleWebKit/537.36 (KHTML, like Gecko) Chrome/83.0.4103.97 Mobile Safari/537.36"
::1 - - [08/Jun/2020:08:19:52 +0000] "GET /css/chat_box.css HTTP/1.1" 404 155 "http://localhost:8000/" "Mozilla/5.0 (Linux; Android 6.0; Nexus 5 Build/MRA58N) AppleWebKit/537.36 (KHTML, like Gecko) Chrome/83.0.4103.97 Mobile Safari/537.36"
::1 - - [08/Jun/2020:08:19:52 +0000] "GET /js/home_comment.js HTTP/1.1" 404 157 "http://localhost:8000/" "Mozilla/5.0 (Linux; Android 6.0; Nexus 5 Build/MRA58N) AppleWebKit/537.36 (KHTML, like Gecko) Chrome/83.0.4103.97 Mobile Safari/537.36"
::1 - - [08/Jun/2020:08:19:52 +0000] "GET /js/home_post.js HTTP/1.1" 404 154 "http://localhost:8000/" "Mozilla/5.0 (Linux; Android 6.0; Nexus 5 Build/MRA58N) AppleWebKit/537.36 (KHTML, like Gecko) Chrome/83.0.4103.97 Mobile Safari/537.36"
::1 - - [08/Jun/2020:08:19:52 +0000] "GET /css/header.css HTTP/1.1" 404 153 "http://localhost:8000/" "Mozilla/5.0 (Linux; Android 6.0; Nexus 5 Build/MRA58N) AppleWebKit/537.36 (KHTML, like Gecko) Chrome/83.0.4103.97 Mobile Safari/537.36"
::1 - - [08/Jun/2020:08:19:52 +0000] "GET /css/footer.css HTTP/1.1" 404 153 "http://localhost:8000/" "Mozilla/5.0 (Linux; Android 6.0; Nexus 5 Build/MRA58N) AppleWebKit/537.36 (KHTML, like Gecko) Chrome/83.0.4103.97 Mobile Safari/537.36"
::1 - - [08/Jun/2020:08:19:52 +0000] "GET /css/home.css HTTP/1.1" 404 151 "http://localhost:8000/" "Mozilla/5.0 (Linux; Android 6.0; Nexus 5 Build/MRA58N) AppleWebKit/537.36 (KHTML, like Gecko) Chrome/83.0.4103.97 Mobile Safari/537.36"
::1 - - [08/Jun/2020:08:19:52 +0000] "GET /css/chat_box.css HTTP/1.1" 404 155 "http://localhost:8000/" "Mozilla/5.0 (Linux; Android 6.0; Nexus 5 Build/MRA58N) AppleWebKit/537.36 (KHTML, like Gecko) Chrome/83.0.4103.97 Mobile Safari/537.36"
::1 - - [08/Jun/2020:08:19:52 +0000] "GET /js/toggle_likes.js HTTP/1.1" 404 157 "http://localhost:8000/" "Mozilla/5.0 (Linux; Android 6.0; Nexus 5 Build/MRA58N) AppleWebKit/537.36 (KHTML, like Gecko) Chrome/83.0.4103.97 Mobile Safari/537.36"
::1 - - [08/Jun/2020:08:19:52 +0000] "GET /js/chat_engine.js HTTP/1.1" 404 156 "http://localhost:8000/" "Mozilla/5.0 (Linux; Android 6.0; Nexus 5 Build/MRA58N) AppleWebKit/537.36 (KHTML, like Gecko) Chrome/83.0.4103.97 Mobile Safari/537.36"
::1 - - [08/Jun/2020:08:19:52 +0000] "GET /js/home_comment.js HTTP/1.1" 404 157 "http://localhost:8000/" "Mozilla/5.0 (Linux; Android 6.0; Nexus 5 Build/MRA58N) AppleWebKit/537.36 (KHTML, like Gecko) Chrome/83.0.4103.97 Mobile Safari/537.36"
::1 - - [08/Jun/2020:08:19:52 +0000] "GET /js/home_post.js HTTP/1.1" 404 154 "http://localhost:8000/" "Mozilla/5.0 (Linux; Android 6.0; Nexus 5 Build/MRA58N) AppleWebKit/537.36 (KHTML, like Gecko) Chrome/83.0.4103.97 Mobile Safari/537.36"
::1 - - [08/Jun/2020:08:19:52 +0000] "GET /js/toggle_likes.js HTTP/1.1" 404 157 "http://localhost:8000/" "Mozilla/5.0 (Linux; Android 6.0; Nexus 5 Build/MRA58N) AppleWebKit/537.36 (KHTML, like Gecko) Chrome/83.0.4103.97 Mobile Safari/537.36"
::1 - - [08/Jun/2020:08:19:52 +0000] "GET /js/chat_engine.js HTTP/1.1" 404 156 "http://localhost:8000/" "Mozilla/5.0 (Linux; Android 6.0; Nexus 5 Build/MRA58N) AppleWebKit/537.36 (KHTML, like Gecko) Chrome/83.0.4103.97 Mobile Safari/537.36"
::1 - - [08/Jun/2020:08:23:29 +0000] "GET / HTTP/1.1" 304 - "-" "Mozilla/5.0 (Linux; Android 6.0; Nexus 5 Build/MRA58N) AppleWebKit/537.36 (KHTML, like Gecko) Chrome/83.0.4103.97 Mobile Safari/537.36"
::1 - - [08/Jun/2020:08:23:29 +0000] "GET /css/footer.css HTTP/1.1" 404 153 "http://localhost:8000/" "Mozilla/5.0 (Linux; Android 6.0; Nexus 5 Build/MRA58N) AppleWebKit/537.36 (KHTML, like Gecko) Chrome/83.0.4103.97 Mobile Safari/537.36"
::1 - - [08/Jun/2020:08:23:29 +0000] "GET /css/header.css HTTP/1.1" 404 153 "http://localhost:8000/" "Mozilla/5.0 (Linux; Android 6.0; Nexus 5 Build/MRA58N) AppleWebKit/537.36 (KHTML, like Gecko) Chrome/83.0.4103.97 Mobile Safari/537.36"
::1 - - [08/Jun/2020:08:23:29 +0000] "GET /css/home.css HTTP/1.1" 404 151 "http://localhost:8000/" "Mozilla/5.0 (Linux; Android 6.0; Nexus 5 Build/MRA58N) AppleWebKit/537.36 (KHTML, like Gecko) Chrome/83.0.4103.97 Mobile Safari/537.36"
::1 - - [08/Jun/2020:08:23:29 +0000] "GET /css/chat_box.css HTTP/1.1" 404 155 "http://localhost:8000/" "Mozilla/5.0 (Linux; Android 6.0; Nexus 5 Build/MRA58N) AppleWebKit/537.36 (KHTML, like Gecko) Chrome/83.0.4103.97 Mobile Safari/537.36"
::1 - - [08/Jun/2020:08:23:29 +0000] "GET /css/header.css HTTP/1.1" 404 153 "http://localhost:8000/" "Mozilla/5.0 (Linux; Android 6.0; Nexus 5 Build/MRA58N) AppleWebKit/537.36 (KHTML, like Gecko) Chrome/83.0.4103.97 Mobile Safari/537.36"
::1 - - [08/Jun/2020:08:23:29 +0000] "GET /css/footer.css HTTP/1.1" 404 153 "http://localhost:8000/" "Mozilla/5.0 (Linux; Android 6.0; Nexus 5 Build/MRA58N) AppleWebKit/537.36 (KHTML, like Gecko) Chrome/83.0.4103.97 Mobile Safari/537.36"
::1 - - [08/Jun/2020:08:23:29 +0000] "GET /css/home.css HTTP/1.1" 404 151 "http://localhost:8000/" "Mozilla/5.0 (Linux; Android 6.0; Nexus 5 Build/MRA58N) AppleWebKit/537.36 (KHTML, like Gecko) Chrome/83.0.4103.97 Mobile Safari/537.36"
::1 - - [08/Jun/2020:08:23:29 +0000] "GET /css/chat_box.css HTTP/1.1" 404 155 "http://localhost:8000/" "Mozilla/5.0 (Linux; Android 6.0; Nexus 5 Build/MRA58N) AppleWebKit/537.36 (KHTML, like Gecko) Chrome/83.0.4103.97 Mobile Safari/537.36"
::1 - - [08/Jun/2020:08:23:29 +0000] "GET /js/home_comment.js HTTP/1.1" 404 157 "http://localhost:8000/" "Mozilla/5.0 (Linux; Android 6.0; Nexus 5 Build/MRA58N) AppleWebKit/537.36 (KHTML, like Gecko) Chrome/83.0.4103.97 Mobile Safari/537.36"
::1 - - [08/Jun/2020:08:23:29 +0000] "GET /js/home_post.js HTTP/1.1" 404 154 "http://localhost:8000/" "Mozilla/5.0 (Linux; Android 6.0; Nexus 5 Build/MRA58N) AppleWebKit/537.36 (KHTML, like Gecko) Chrome/83.0.4103.97 Mobile Safari/537.36"
::1 - - [08/Jun/2020:08:23:29 +0000] "GET /js/toggle_likes.js HTTP/1.1" 404 157 "http://localhost:8000/" "Mozilla/5.0 (Linux; Android 6.0; Nexus 5 Build/MRA58N) AppleWebKit/537.36 (KHTML, like Gecko) Chrome/83.0.4103.97 Mobile Safari/537.36"
::1 - - [08/Jun/2020:08:23:29 +0000] "GET /js/chat_engine.js HTTP/1.1" 404 156 "http://localhost:8000/" "Mozilla/5.0 (Linux; Android 6.0; Nexus 5 Build/MRA58N) AppleWebKit/537.36 (KHTML, like Gecko) Chrome/83.0.4103.97 Mobile Safari/537.36"
::1 - - [08/Jun/2020:08:23:31 +0000] "GET / HTTP/1.1" 304 - "-" "Mozilla/5.0 (Linux; Android 6.0; Nexus 5 Build/MRA58N) AppleWebKit/537.36 (KHTML, like Gecko) Chrome/83.0.4103.97 Mobile Safari/537.36"
::1 - - [08/Jun/2020:08:23:31 +0000] "GET /css/header.css HTTP/1.1" 404 153 "http://localhost:8000/" "Mozilla/5.0 (Linux; Android 6.0; Nexus 5 Build/MRA58N) AppleWebKit/537.36 (KHTML, like Gecko) Chrome/83.0.4103.97 Mobile Safari/537.36"
::1 - - [08/Jun/2020:08:23:31 +0000] "GET /css/footer.css HTTP/1.1" 404 153 "http://localhost:8000/" "Mozilla/5.0 (Linux; Android 6.0; Nexus 5 Build/MRA58N) AppleWebKit/537.36 (KHTML, like Gecko) Chrome/83.0.4103.97 Mobile Safari/537.36"
::1 - - [08/Jun/2020:08:23:31 +0000] "GET /css/home.css HTTP/1.1" 404 151 "http://localhost:8000/" "Mozilla/5.0 (Linux; Android 6.0; Nexus 5 Build/MRA58N) AppleWebKit/537.36 (KHTML, like Gecko) Chrome/83.0.4103.97 Mobile Safari/537.36"
::1 - - [08/Jun/2020:08:23:31 +0000] "GET /css/chat_box.css HTTP/1.1" 404 155 "http://localhost:8000/" "Mozilla/5.0 (Linux; Android 6.0; Nexus 5 Build/MRA58N) AppleWebKit/537.36 (KHTML, like Gecko) Chrome/83.0.4103.97 Mobile Safari/537.36"
::1 - - [08/Jun/2020:08:23:32 +0000] "GET /js/home_comment.js HTTP/1.1" 404 157 "http://localhost:8000/" "Mozilla/5.0 (Linux; Android 6.0; Nexus 5 Build/MRA58N) AppleWebKit/537.36 (KHTML, like Gecko) Chrome/83.0.4103.97 Mobile Safari/537.36"
::1 - - [08/Jun/2020:08:23:32 +0000] "GET /js/home_post.js HTTP/1.1" 404 154 "http://localhost:8000/" "Mozilla/5.0 (Linux; Android 6.0; Nexus 5 Build/MRA58N) AppleWebKit/537.36 (KHTML, like Gecko) Chrome/83.0.4103.97 Mobile Safari/537.36"
::1 - - [08/Jun/2020:08:23:32 +0000] "GET /js/toggle_likes.js HTTP/1.1" 404 157 "http://localhost:8000/" "Mozilla/5.0 (Linux; Android 6.0; Nexus 5 Build/MRA58N) AppleWebKit/537.36 (KHTML, like Gecko) Chrome/83.0.4103.97 Mobile Safari/537.36"
::1 - - [08/Jun/2020:08:23:32 +0000] "GET /js/chat_engine.js HTTP/1.1" 404 156 "http://localhost:8000/" "Mozilla/5.0 (Linux; Android 6.0; Nexus 5 Build/MRA58N) AppleWebKit/537.36 (KHTML, like Gecko) Chrome/83.0.4103.97 Mobile Safari/537.36"
::1 - - [08/Jun/2020:08:23:36 +0000] "GET / HTTP/1.1" 304 - "-" "Mozilla/5.0 (Linux; Android 6.0; Nexus 5 Build/MRA58N) AppleWebKit/537.36 (KHTML, like Gecko) Chrome/83.0.4103.97 Mobile Safari/537.36"
::1 - - [08/Jun/2020:08:23:36 +0000] "GET /css/header.css HTTP/1.1" 404 153 "http://localhost:8000/" "Mozilla/5.0 (Linux; Android 6.0; Nexus 5 Build/MRA58N) AppleWebKit/537.36 (KHTML, like Gecko) Chrome/83.0.4103.97 Mobile Safari/537.36"
::1 - - [08/Jun/2020:08:23:36 +0000] "GET /css/footer.css HTTP/1.1" 404 153 "http://localhost:8000/" "Mozilla/5.0 (Linux; Android 6.0; Nexus 5 Build/MRA58N) AppleWebKit/537.36 (KHTML, like Gecko) Chrome/83.0.4103.97 Mobile Safari/537.36"
::1 - - [08/Jun/2020:08:23:36 +0000] "GET /css/home.css HTTP/1.1" 404 151 "http://localhost:8000/" "Mozilla/5.0 (Linux; Android 6.0; Nexus 5 Build/MRA58N) AppleWebKit/537.36 (KHTML, like Gecko) Chrome/83.0.4103.97 Mobile Safari/537.36"
::1 - - [08/Jun/2020:08:23:36 +0000] "GET /css/chat_box.css HTTP/1.1" 404 155 "http://localhost:8000/" "Mozilla/5.0 (Linux; Android 6.0; Nexus 5 Build/MRA58N) AppleWebKit/537.36 (KHTML, like Gecko) Chrome/83.0.4103.97 Mobile Safari/537.36"
::1 - - [08/Jun/2020:08:23:36 +0000] "GET /js/home_comment.js HTTP/1.1" 404 157 "http://localhost:8000/" "Mozilla/5.0 (Linux; Android 6.0; Nexus 5 Build/MRA58N) AppleWebKit/537.36 (KHTML, like Gecko) Chrome/83.0.4103.97 Mobile Safari/537.36"
::1 - - [08/Jun/2020:08:23:36 +0000] "GET /js/home_post.js HTTP/1.1" 404 154 "http://localhost:8000/" "Mozilla/5.0 (Linux; Android 6.0; Nexus 5 Build/MRA58N) AppleWebKit/537.36 (KHTML, like Gecko) Chrome/83.0.4103.97 Mobile Safari/537.36"
::1 - - [08/Jun/2020:08:23:36 +0000] "GET /js/toggle_likes.js HTTP/1.1" 404 157 "http://localhost:8000/" "Mozilla/5.0 (Linux; Android 6.0; Nexus 5 Build/MRA58N) AppleWebKit/537.36 (KHTML, like Gecko) Chrome/83.0.4103.97 Mobile Safari/537.36"
::1 - - [08/Jun/2020:08:23:36 +0000] "GET /js/chat_engine.js HTTP/1.1" 404 156 "http://localhost:8000/" "Mozilla/5.0 (Linux; Android 6.0; Nexus 5 Build/MRA58N) AppleWebKit/537.36 (KHTML, like Gecko) Chrome/83.0.4103.97 Mobile Safari/537.36"
::1 - - [08/Jun/2020:08:24:25 +0000] "GET / HTTP/1.1" 304 - "-" "Mozilla/5.0 (Linux; Android 6.0; Nexus 5 Build/MRA58N) AppleWebKit/537.36 (KHTML, like Gecko) Chrome/83.0.4103.97 Mobile Safari/537.36"
::1 - - [08/Jun/2020:08:24:25 +0000] "GET /css/header.css HTTP/1.1" 404 153 "http://localhost:8000/" "Mozilla/5.0 (Linux; Android 6.0; Nexus 5 Build/MRA58N) AppleWebKit/537.36 (KHTML, like Gecko) Chrome/83.0.4103.97 Mobile Safari/537.36"
::1 - - [08/Jun/2020:08:24:25 +0000] "GET /css/footer.css HTTP/1.1" 404 153 "http://localhost:8000/" "Mozilla/5.0 (Linux; Android 6.0; Nexus 5 Build/MRA58N) AppleWebKit/537.36 (KHTML, like Gecko) Chrome/83.0.4103.97 Mobile Safari/537.36"
::1 - - [08/Jun/2020:08:24:25 +0000] "GET /css/home.css HTTP/1.1" 404 151 "http://localhost:8000/" "Mozilla/5.0 (Linux; Android 6.0; Nexus 5 Build/MRA58N) AppleWebKit/537.36 (KHTML, like Gecko) Chrome/83.0.4103.97 Mobile Safari/537.36"
::1 - - [08/Jun/2020:08:24:25 +0000] "GET /css/chat_box.css HTTP/1.1" 404 155 "http://localhost:8000/" "Mozilla/5.0 (Linux; Android 6.0; Nexus 5 Build/MRA58N) AppleWebKit/537.36 (KHTML, like Gecko) Chrome/83.0.4103.97 Mobile Safari/537.36"
::1 - - [08/Jun/2020:08:24:25 +0000] "GET /js/home_comment.js HTTP/1.1" 404 157 "http://localhost:8000/" "Mozilla/5.0 (Linux; Android 6.0; Nexus 5 Build/MRA58N) AppleWebKit/537.36 (KHTML, like Gecko) Chrome/83.0.4103.97 Mobile Safari/537.36"
::1 - - [08/Jun/2020:08:24:25 +0000] "GET /js/home_post.js HTTP/1.1" 404 154 "http://localhost:8000/" "Mozilla/5.0 (Linux; Android 6.0; Nexus 5 Build/MRA58N) AppleWebKit/537.36 (KHTML, like Gecko) Chrome/83.0.4103.97 Mobile Safari/537.36"
::1 - - [08/Jun/2020:08:24:25 +0000] "GET /js/toggle_likes.js HTTP/1.1" 404 157 "http://localhost:8000/" "Mozilla/5.0 (Linux; Android 6.0; Nexus 5 Build/MRA58N) AppleWebKit/537.36 (KHTML, like Gecko) Chrome/83.0.4103.97 Mobile Safari/537.36"
::1 - - [08/Jun/2020:08:24:25 +0000] "GET /js/chat_engine.js HTTP/1.1" 404 156 "http://localhost:8000/" "Mozilla/5.0 (Linux; Android 6.0; Nexus 5 Build/MRA58N) AppleWebKit/537.36 (KHTML, like Gecko) Chrome/83.0.4103.97 Mobile Safari/537.36"
::1 - - [08/Jun/2020:08:24:26 +0000] "GET / HTTP/1.1" 304 - "-" "Mozilla/5.0 (Linux; Android 6.0; Nexus 5 Build/MRA58N) AppleWebKit/537.36 (KHTML, like Gecko) Chrome/83.0.4103.97 Mobile Safari/537.36"
::1 - - [08/Jun/2020:08:24:26 +0000] "GET /css/header.css HTTP/1.1" 404 153 "http://localhost:8000/" "Mozilla/5.0 (Linux; Android 6.0; Nexus 5 Build/MRA58N) AppleWebKit/537.36 (KHTML, like Gecko) Chrome/83.0.4103.97 Mobile Safari/537.36"
::1 - - [08/Jun/2020:08:24:26 +0000] "GET /css/footer.css HTTP/1.1" 404 153 "http://localhost:8000/" "Mozilla/5.0 (Linux; Android 6.0; Nexus 5 Build/MRA58N) AppleWebKit/537.36 (KHTML, like Gecko) Chrome/83.0.4103.97 Mobile Safari/537.36"
::1 - - [08/Jun/2020:08:24:26 +0000] "GET /css/home.css HTTP/1.1" 404 151 "http://localhost:8000/" "Mozilla/5.0 (Linux; Android 6.0; Nexus 5 Build/MRA58N) AppleWebKit/537.36 (KHTML, like Gecko) Chrome/83.0.4103.97 Mobile Safari/537.36"
::1 - - [08/Jun/2020:08:24:26 +0000] "GET /css/chat_box.css HTTP/1.1" 404 155 "http://localhost:8000/" "Mozilla/5.0 (Linux; Android 6.0; Nexus 5 Build/MRA58N) AppleWebKit/537.36 (KHTML, like Gecko) Chrome/83.0.4103.97 Mobile Safari/537.36"
::1 - - [08/Jun/2020:08:24:26 +0000] "GET /js/home_comment.js HTTP/1.1" 404 157 "http://localhost:8000/" "Mozilla/5.0 (Linux; Android 6.0; Nexus 5 Build/MRA58N) AppleWebKit/537.36 (KHTML, like Gecko) Chrome/83.0.4103.97 Mobile Safari/537.36"
::1 - - [08/Jun/2020:08:24:26 +0000] "GET /js/home_post.js HTTP/1.1" 404 154 "http://localhost:8000/" "Mozilla/5.0 (Linux; Android 6.0; Nexus 5 Build/MRA58N) AppleWebKit/537.36 (KHTML, like Gecko) Chrome/83.0.4103.97 Mobile Safari/537.36"
::1 - - [08/Jun/2020:08:24:26 +0000] "GET /js/toggle_likes.js HTTP/1.1" 404 157 "http://localhost:8000/" "Mozilla/5.0 (Linux; Android 6.0; Nexus 5 Build/MRA58N) AppleWebKit/537.36 (KHTML, like Gecko) Chrome/83.0.4103.97 Mobile Safari/537.36"
::1 - - [08/Jun/2020:08:24:26 +0000] "GET /js/chat_engine.js HTTP/1.1" 404 156 "http://localhost:8000/" "Mozilla/5.0 (Linux; Android 6.0; Nexus 5 Build/MRA58N) AppleWebKit/537.36 (KHTML, like Gecko) Chrome/83.0.4103.97 Mobile Safari/537.36"
::1 - - [08/Jun/2020:08:24:47 +0000] "GET /comments/destroy/5ed9312b2410a07d20584111 HTTP/1.1" 302 72 "http://localhost:8000/" "Mozilla/5.0 (Windows NT 10.0; Win64; x64) AppleWebKit/537.36 (KHTML, like Gecko) Chrome/83.0.4103.97 Safari/537.36"
::1 - - [08/Jun/2020:08:24:47 +0000] "GET /users/sign-in HTTP/1.1" 200 1858 "http://localhost:8000/" "Mozilla/5.0 (Windows NT 10.0; Win64; x64) AppleWebKit/537.36 (KHTML, like Gecko) Chrome/83.0.4103.97 Safari/537.36"
::1 - - [08/Jun/2020:08:24:47 +0000] "GET /css/header.css HTTP/1.1" 404 153 "http://localhost:8000/users/sign-in" "Mozilla/5.0 (Windows NT 10.0; Win64; x64) AppleWebKit/537.36 (KHTML, like Gecko) Chrome/83.0.4103.97 Safari/537.36"
::1 - - [08/Jun/2020:08:24:47 +0000] "GET /css/footer.css HTTP/1.1" 404 153 "http://localhost:8000/users/sign-in" "Mozilla/5.0 (Windows NT 10.0; Win64; x64) AppleWebKit/537.36 (KHTML, like Gecko) Chrome/83.0.4103.97 Safari/537.36"
::1 - - [08/Jun/2020:08:24:47 +0000] "GET /css/user_signin.css HTTP/1.1" 404 158 "http://localhost:8000/users/sign-in" "Mozilla/5.0 (Windows NT 10.0; Win64; x64) AppleWebKit/537.36 (KHTML, like Gecko) Chrome/83.0.4103.97 Safari/537.36"
::1 - - [08/Jun/2020:08:24:47 +0000] "GET /css/header.css HTTP/1.1" 404 153 "http://localhost:8000/users/sign-in" "Mozilla/5.0 (Windows NT 10.0; Win64; x64) AppleWebKit/537.36 (KHTML, like Gecko) Chrome/83.0.4103.97 Safari/537.36"
::1 - - [08/Jun/2020:08:24:47 +0000] "GET /css/footer.css HTTP/1.1" 404 153 "http://localhost:8000/users/sign-in" "Mozilla/5.0 (Windows NT 10.0; Win64; x64) AppleWebKit/537.36 (KHTML, like Gecko) Chrome/83.0.4103.97 Safari/537.36"
::1 - - [08/Jun/2020:08:24:47 +0000] "GET /css/user_signin.css HTTP/1.1" 404 158 "http://localhost:8000/users/sign-in" "Mozilla/5.0 (Windows NT 10.0; Win64; x64) AppleWebKit/537.36 (KHTML, like Gecko) Chrome/83.0.4103.97 Safari/537.36"
::1 - - [08/Jun/2020:08:24:53 +0000] "GET /users/sign-in HTTP/1.1" 304 - "http://localhost:8000/" "Mozilla/5.0 (Windows NT 10.0; Win64; x64) AppleWebKit/537.36 (KHTML, like Gecko) Chrome/83.0.4103.97 Safari/537.36"
::1 - - [08/Jun/2020:08:24:53 +0000] "GET /css/header.css HTTP/1.1" 404 153 "http://localhost:8000/users/sign-in" "Mozilla/5.0 (Windows NT 10.0; Win64; x64) AppleWebKit/537.36 (KHTML, like Gecko) Chrome/83.0.4103.97 Safari/537.36"
::1 - - [08/Jun/2020:08:24:53 +0000] "GET /css/footer.css HTTP/1.1" 404 153 "http://localhost:8000/users/sign-in" "Mozilla/5.0 (Windows NT 10.0; Win64; x64) AppleWebKit/537.36 (KHTML, like Gecko) Chrome/83.0.4103.97 Safari/537.36"
::1 - - [08/Jun/2020:08:24:53 +0000] "GET /css/user_signin.css HTTP/1.1" 404 158 "http://localhost:8000/users/sign-in" "Mozilla/5.0 (Windows NT 10.0; Win64; x64) AppleWebKit/537.36 (KHTML, like Gecko) Chrome/83.0.4103.97 Safari/537.36"
::1 - - [08/Jun/2020:08:26:57 +0000] "GET / HTTP/1.1" 304 - "-" "Mozilla/5.0 (Windows NT 10.0; Win64; x64) AppleWebKit/537.36 (KHTML, like Gecko) Chrome/83.0.4103.97 Safari/537.36"
::1 - - [08/Jun/2020:08:26:57 +0000] "GET /css/header.css HTTP/1.1" 404 153 "http://localhost:8000/" "Mozilla/5.0 (Windows NT 10.0; Win64; x64) AppleWebKit/537.36 (KHTML, like Gecko) Chrome/83.0.4103.97 Safari/537.36"
::1 - - [08/Jun/2020:08:26:57 +0000] "GET /css/footer.css HTTP/1.1" 404 153 "http://localhost:8000/" "Mozilla/5.0 (Windows NT 10.0; Win64; x64) AppleWebKit/537.36 (KHTML, like Gecko) Chrome/83.0.4103.97 Safari/537.36"
::1 - - [08/Jun/2020:08:26:57 +0000] "GET /css/home.css HTTP/1.1" 404 151 "http://localhost:8000/" "Mozilla/5.0 (Windows NT 10.0; Win64; x64) AppleWebKit/537.36 (KHTML, like Gecko) Chrome/83.0.4103.97 Safari/537.36"
::1 - - [08/Jun/2020:08:26:57 +0000] "GET /css/chat_box.css HTTP/1.1" 404 155 "http://localhost:8000/" "Mozilla/5.0 (Windows NT 10.0; Win64; x64) AppleWebKit/537.36 (KHTML, like Gecko) Chrome/83.0.4103.97 Safari/537.36"
::1 - - [08/Jun/2020:08:26:57 +0000] "GET /js/home_comment.js HTTP/1.1" 404 157 "http://localhost:8000/" "Mozilla/5.0 (Windows NT 10.0; Win64; x64) AppleWebKit/537.36 (KHTML, like Gecko) Chrome/83.0.4103.97 Safari/537.36"
::1 - - [08/Jun/2020:08:26:57 +0000] "GET /js/home_post.js HTTP/1.1" 404 154 "http://localhost:8000/" "Mozilla/5.0 (Windows NT 10.0; Win64; x64) AppleWebKit/537.36 (KHTML, like Gecko) Chrome/83.0.4103.97 Safari/537.36"
::1 - - [08/Jun/2020:08:26:57 +0000] "GET /js/toggle_likes.js HTTP/1.1" 404 157 "http://localhost:8000/" "Mozilla/5.0 (Windows NT 10.0; Win64; x64) AppleWebKit/537.36 (KHTML, like Gecko) Chrome/83.0.4103.97 Safari/537.36"
::1 - - [08/Jun/2020:08:26:57 +0000] "GET /js/chat_engine.js HTTP/1.1" 404 156 "http://localhost:8000/" "Mozilla/5.0 (Windows NT 10.0; Win64; x64) AppleWebKit/537.36 (KHTML, like Gecko) Chrome/83.0.4103.97 Safari/537.36"
::1 - - [08/Jun/2020:08:26:59 +0000] "GET /users/sign-in HTTP/1.1" 304 - "http://localhost:8000/" "Mozilla/5.0 (Windows NT 10.0; Win64; x64) AppleWebKit/537.36 (KHTML, like Gecko) Chrome/83.0.4103.97 Safari/537.36"
::1 - - [08/Jun/2020:08:26:59 +0000] "GET /css/header.css HTTP/1.1" 404 153 "http://localhost:8000/users/sign-in" "Mozilla/5.0 (Windows NT 10.0; Win64; x64) AppleWebKit/537.36 (KHTML, like Gecko) Chrome/83.0.4103.97 Safari/537.36"
::1 - - [08/Jun/2020:08:26:59 +0000] "GET /css/footer.css HTTP/1.1" 404 153 "http://localhost:8000/users/sign-in" "Mozilla/5.0 (Windows NT 10.0; Win64; x64) AppleWebKit/537.36 (KHTML, like Gecko) Chrome/83.0.4103.97 Safari/537.36"
::1 - - [08/Jun/2020:08:26:59 +0000] "GET /css/user_signin.css HTTP/1.1" 404 158 "http://localhost:8000/users/sign-in" "Mozilla/5.0 (Windows NT 10.0; Win64; x64) AppleWebKit/537.36 (KHTML, like Gecko) Chrome/83.0.4103.97 Safari/537.36"
::1 - - [08/Jun/2020:08:27:02 +0000] "GET /users/sign-in HTTP/1.1" 304 - "http://localhost:8000/users/sign-in" "Mozilla/5.0 (Windows NT 10.0; Win64; x64) AppleWebKit/537.36 (KHTML, like Gecko) Chrome/83.0.4103.97 Safari/537.36"
::1 - - [08/Jun/2020:08:27:02 +0000] "GET /css/header.css HTTP/1.1" 404 153 "http://localhost:8000/users/sign-in" "Mozilla/5.0 (Windows NT 10.0; Win64; x64) AppleWebKit/537.36 (KHTML, like Gecko) Chrome/83.0.4103.97 Safari/537.36"
::1 - - [08/Jun/2020:08:27:02 +0000] "GET /css/footer.css HTTP/1.1" 404 153 "http://localhost:8000/users/sign-in" "Mozilla/5.0 (Windows NT 10.0; Win64; x64) AppleWebKit/537.36 (KHTML, like Gecko) Chrome/83.0.4103.97 Safari/537.36"
::1 - - [08/Jun/2020:08:27:02 +0000] "GET /css/user_signin.css HTTP/1.1" 404 158 "http://localhost:8000/users/sign-in" "Mozilla/5.0 (Windows NT 10.0; Win64; x64) AppleWebKit/537.36 (KHTML, like Gecko) Chrome/83.0.4103.97 Safari/537.36"
::1 - - [08/Jun/2020:08:27:11 +0000] "GET /css/header.css HTTP/1.1" 404 153 "http://localhost:8000/users/sign-in" "Mozilla/5.0 (Windows NT 10.0; Win64; x64) AppleWebKit/537.36 (KHTML, like Gecko) Chrome/83.0.4103.97 Safari/537.36"
::1 - - [08/Jun/2020:08:27:11 +0000] "GET /css/user_signin.css HTTP/1.1" 404 158 "http://localhost:8000/users/sign-in" "Mozilla/5.0 (Windows NT 10.0; Win64; x64) AppleWebKit/537.36 (KHTML, like Gecko) Chrome/83.0.4103.97 Safari/537.36"
::1 - - [08/Jun/2020:08:27:11 +0000] "GET /css/footer.css HTTP/1.1" 404 153 "http://localhost:8000/users/sign-in" "Mozilla/5.0 (Windows NT 10.0; Win64; x64) AppleWebKit/537.36 (KHTML, like Gecko) Chrome/83.0.4103.97 Safari/537.36"
::1 - - [08/Jun/2020:08:28:20 +0000] "GET /users/sign-in HTTP/1.1" 304 - "http://localhost:8000/users/sign-in" "Mozilla/5.0 (Linux; Android 6.0; Nexus 5 Build/MRA58N) AppleWebKit/537.36 (KHTML, like Gecko) Chrome/83.0.4103.97 Mobile Safari/537.36"
::1 - - [08/Jun/2020:08:28:20 +0000] "GET /css/header.css HTTP/1.1" 404 153 "http://localhost:8000/users/sign-in" "Mozilla/5.0 (Linux; Android 6.0; Nexus 5 Build/MRA58N) AppleWebKit/537.36 (KHTML, like Gecko) Chrome/83.0.4103.97 Mobile Safari/537.36"
::1 - - [08/Jun/2020:08:28:20 +0000] "GET /css/footer.css HTTP/1.1" 404 153 "http://localhost:8000/users/sign-in" "Mozilla/5.0 (Linux; Android 6.0; Nexus 5 Build/MRA58N) AppleWebKit/537.36 (KHTML, like Gecko) Chrome/83.0.4103.97 Mobile Safari/537.36"
::1 - - [08/Jun/2020:08:28:20 +0000] "GET /css/user_signin.css HTTP/1.1" 404 158 "http://localhost:8000/users/sign-in" "Mozilla/5.0 (Linux; Android 6.0; Nexus 5 Build/MRA58N) AppleWebKit/537.36 (KHTML, like Gecko) Chrome/83.0.4103.97 Mobile Safari/537.36"
::1 - - [08/Jun/2020:08:28:20 +0000] "GET /css/header.css HTTP/1.1" 404 153 "http://localhost:8000/users/sign-in" "Mozilla/5.0 (Linux; Android 6.0; Nexus 5 Build/MRA58N) AppleWebKit/537.36 (KHTML, like Gecko) Chrome/83.0.4103.97 Mobile Safari/537.36"
::1 - - [08/Jun/2020:08:28:20 +0000] "GET /css/footer.css HTTP/1.1" 404 153 "http://localhost:8000/users/sign-in" "Mozilla/5.0 (Linux; Android 6.0; Nexus 5 Build/MRA58N) AppleWebKit/537.36 (KHTML, like Gecko) Chrome/83.0.4103.97 Mobile Safari/537.36"
::1 - - [08/Jun/2020:08:28:20 +0000] "GET /css/user_signin.css HTTP/1.1" 404 158 "http://localhost:8000/users/sign-in" "Mozilla/5.0 (Linux; Android 6.0; Nexus 5 Build/MRA58N) AppleWebKit/537.36 (KHTML, like Gecko) Chrome/83.0.4103.97 Mobile Safari/537.36"
::1 - - [08/Jun/2020:08:32:29 +0000] "GET /users/sign-in HTTP/1.1" 304 - "http://localhost:8000/users/sign-in" "Mozilla/5.0 (Linux; Android 6.0; Nexus 5 Build/MRA58N) AppleWebKit/537.36 (KHTML, like Gecko) Chrome/83.0.4103.97 Mobile Safari/537.36"
::1 - - [08/Jun/2020:08:32:29 +0000] "GET /css/header.css HTTP/1.1" 404 153 "http://localhost:8000/users/sign-in" "Mozilla/5.0 (Linux; Android 6.0; Nexus 5 Build/MRA58N) AppleWebKit/537.36 (KHTML, like Gecko) Chrome/83.0.4103.97 Mobile Safari/537.36"
::1 - - [08/Jun/2020:08:32:29 +0000] "GET /css/footer.css HTTP/1.1" 404 153 "http://localhost:8000/users/sign-in" "Mozilla/5.0 (Linux; Android 6.0; Nexus 5 Build/MRA58N) AppleWebKit/537.36 (KHTML, like Gecko) Chrome/83.0.4103.97 Mobile Safari/537.36"
::1 - - [08/Jun/2020:08:32:29 +0000] "GET /css/user_signin.css HTTP/1.1" 404 158 "http://localhost:8000/users/sign-in" "Mozilla/5.0 (Linux; Android 6.0; Nexus 5 Build/MRA58N) AppleWebKit/537.36 (KHTML, like Gecko) Chrome/83.0.4103.97 Mobile Safari/537.36"
::1 - - [08/Jun/2020:08:32:29 +0000] "GET /css/header.css HTTP/1.1" 404 153 "http://localhost:8000/users/sign-in" "Mozilla/5.0 (Linux; Android 6.0; Nexus 5 Build/MRA58N) AppleWebKit/537.36 (KHTML, like Gecko) Chrome/83.0.4103.97 Mobile Safari/537.36"
::1 - - [08/Jun/2020:08:32:29 +0000] "GET /css/footer.css HTTP/1.1" 404 153 "http://localhost:8000/users/sign-in" "Mozilla/5.0 (Linux; Android 6.0; Nexus 5 Build/MRA58N) AppleWebKit/537.36 (KHTML, like Gecko) Chrome/83.0.4103.97 Mobile Safari/537.36"
::1 - - [08/Jun/2020:08:32:29 +0000] "GET /css/user_signin.css HTTP/1.1" 404 158 "http://localhost:8000/users/sign-in" "Mozilla/5.0 (Linux; Android 6.0; Nexus 5 Build/MRA58N) AppleWebKit/537.36 (KHTML, like Gecko) Chrome/83.0.4103.97 Mobile Safari/537.36"
::1 - - [08/Jun/2020:08:32:30 +0000] "GET /users/sign-in HTTP/1.1" 304 - "http://localhost:8000/users/sign-in" "Mozilla/5.0 (Linux; Android 6.0; Nexus 5 Build/MRA58N) AppleWebKit/537.36 (KHTML, like Gecko) Chrome/83.0.4103.97 Mobile Safari/537.36"
::1 - - [08/Jun/2020:08:32:30 +0000] "GET /css/header.css HTTP/1.1" 404 153 "http://localhost:8000/users/sign-in" "Mozilla/5.0 (Linux; Android 6.0; Nexus 5 Build/MRA58N) AppleWebKit/537.36 (KHTML, like Gecko) Chrome/83.0.4103.97 Mobile Safari/537.36"
::1 - - [08/Jun/2020:08:32:30 +0000] "GET /css/footer.css HTTP/1.1" 404 153 "http://localhost:8000/users/sign-in" "Mozilla/5.0 (Linux; Android 6.0; Nexus 5 Build/MRA58N) AppleWebKit/537.36 (KHTML, like Gecko) Chrome/83.0.4103.97 Mobile Safari/537.36"
::1 - - [08/Jun/2020:08:32:30 +0000] "GET /css/user_signin.css HTTP/1.1" 404 158 "http://localhost:8000/users/sign-in" "Mozilla/5.0 (Linux; Android 6.0; Nexus 5 Build/MRA58N) AppleWebKit/537.36 (KHTML, like Gecko) Chrome/83.0.4103.97 Mobile Safari/537.36"
::1 - - [08/Jun/2020:08:32:31 +0000] "GET /users/sign-in HTTP/1.1" 304 - "http://localhost:8000/users/sign-in" "Mozilla/5.0 (Linux; Android 6.0; Nexus 5 Build/MRA58N) AppleWebKit/537.36 (KHTML, like Gecko) Chrome/83.0.4103.97 Mobile Safari/537.36"
::1 - - [08/Jun/2020:08:32:31 +0000] "GET /css/header.css HTTP/1.1" 404 153 "http://localhost:8000/users/sign-in" "Mozilla/5.0 (Linux; Android 6.0; Nexus 5 Build/MRA58N) AppleWebKit/537.36 (KHTML, like Gecko) Chrome/83.0.4103.97 Mobile Safari/537.36"
::1 - - [08/Jun/2020:08:32:31 +0000] "GET /css/footer.css HTTP/1.1" 404 153 "http://localhost:8000/users/sign-in" "Mozilla/5.0 (Linux; Android 6.0; Nexus 5 Build/MRA58N) AppleWebKit/537.36 (KHTML, like Gecko) Chrome/83.0.4103.97 Mobile Safari/537.36"
::1 - - [08/Jun/2020:08:32:31 +0000] "GET /css/user_signin.css HTTP/1.1" 404 158 "http://localhost:8000/users/sign-in" "Mozilla/5.0 (Linux; Android 6.0; Nexus 5 Build/MRA58N) AppleWebKit/537.36 (KHTML, like Gecko) Chrome/83.0.4103.97 Mobile Safari/537.36"
::1 - - [08/Jun/2020:08:32:43 +0000] "GET /users/sign-in HTTP/1.1" 304 - "http://localhost:8000/users/sign-in" "Mozilla/5.0 (Windows NT 10.0; Win64; x64) AppleWebKit/537.36 (KHTML, like Gecko) Chrome/83.0.4103.97 Safari/537.36"
::1 - - [08/Jun/2020:08:32:43 +0000] "GET /css/header.css HTTP/1.1" 404 153 "http://localhost:8000/users/sign-in" "Mozilla/5.0 (Windows NT 10.0; Win64; x64) AppleWebKit/537.36 (KHTML, like Gecko) Chrome/83.0.4103.97 Safari/537.36"
::1 - - [08/Jun/2020:08:32:43 +0000] "GET /css/footer.css HTTP/1.1" 404 153 "http://localhost:8000/users/sign-in" "Mozilla/5.0 (Windows NT 10.0; Win64; x64) AppleWebKit/537.36 (KHTML, like Gecko) Chrome/83.0.4103.97 Safari/537.36"
::1 - - [08/Jun/2020:08:32:43 +0000] "GET /css/user_signin.css HTTP/1.1" 404 158 "http://localhost:8000/users/sign-in" "Mozilla/5.0 (Windows NT 10.0; Win64; x64) AppleWebKit/537.36 (KHTML, like Gecko) Chrome/83.0.4103.97 Safari/537.36"
::1 - - [08/Jun/2020:08:32:43 +0000] "GET /css/header.css HTTP/1.1" 404 153 "http://localhost:8000/users/sign-in" "Mozilla/5.0 (Windows NT 10.0; Win64; x64) AppleWebKit/537.36 (KHTML, like Gecko) Chrome/83.0.4103.97 Safari/537.36"
::1 - - [08/Jun/2020:08:32:43 +0000] "GET /css/footer.css HTTP/1.1" 404 153 "http://localhost:8000/users/sign-in" "Mozilla/5.0 (Windows NT 10.0; Win64; x64) AppleWebKit/537.36 (KHTML, like Gecko) Chrome/83.0.4103.97 Safari/537.36"
::1 - - [08/Jun/2020:08:32:43 +0000] "GET /css/user_signin.css HTTP/1.1" 404 158 "http://localhost:8000/users/sign-in" "Mozilla/5.0 (Windows NT 10.0; Win64; x64) AppleWebKit/537.36 (KHTML, like Gecko) Chrome/83.0.4103.97 Safari/537.36"
::1 - - [08/Jun/2020:08:32:49 +0000] "GET /users/sign-in HTTP/1.1" 304 - "http://localhost:8000/users/sign-in" "Mozilla/5.0 (Windows NT 10.0; Win64; x64) AppleWebKit/537.36 (KHTML, like Gecko) Chrome/83.0.4103.97 Safari/537.36"
::1 - - [08/Jun/2020:08:32:49 +0000] "GET /css/header.css HTTP/1.1" 404 153 "http://localhost:8000/users/sign-in" "Mozilla/5.0 (Windows NT 10.0; Win64; x64) AppleWebKit/537.36 (KHTML, like Gecko) Chrome/83.0.4103.97 Safari/537.36"
::1 - - [08/Jun/2020:08:32:49 +0000] "GET /css/footer.css HTTP/1.1" 404 153 "http://localhost:8000/users/sign-in" "Mozilla/5.0 (Windows NT 10.0; Win64; x64) AppleWebKit/537.36 (KHTML, like Gecko) Chrome/83.0.4103.97 Safari/537.36"
::1 - - [08/Jun/2020:08:32:49 +0000] "GET /css/user_signin.css HTTP/1.1" 404 158 "http://localhost:8000/users/sign-in" "Mozilla/5.0 (Windows NT 10.0; Win64; x64) AppleWebKit/537.36 (KHTML, like Gecko) Chrome/83.0.4103.97 Safari/537.36"
::1 - - [08/Jun/2020:08:32:49 +0000] "GET /css/header.css HTTP/1.1" 404 153 "http://localhost:8000/users/sign-in" "Mozilla/5.0 (Windows NT 10.0; Win64; x64) AppleWebKit/537.36 (KHTML, like Gecko) Chrome/83.0.4103.97 Safari/537.36"
::1 - - [08/Jun/2020:08:32:49 +0000] "GET /css/footer.css HTTP/1.1" 404 153 "http://localhost:8000/users/sign-in" "Mozilla/5.0 (Windows NT 10.0; Win64; x64) AppleWebKit/537.36 (KHTML, like Gecko) Chrome/83.0.4103.97 Safari/537.36"
::1 - - [08/Jun/2020:08:32:49 +0000] "GET /css/user_signin.css HTTP/1.1" 404 158 "http://localhost:8000/users/sign-in" "Mozilla/5.0 (Windows NT 10.0; Win64; x64) AppleWebKit/537.36 (KHTML, like Gecko) Chrome/83.0.4103.97 Safari/537.36"
::1 - - [08/Jun/2020:08:36:17 +0000] "GET /css/header.css HTTP/1.1" 404 153 "http://localhost:8000/users/sign-in" "Mozilla/5.0 (Windows NT 10.0; Win64; x64) AppleWebKit/537.36 (KHTML, like Gecko) Chrome/83.0.4103.97 Safari/537.36"
::1 - - [08/Jun/2020:08:36:17 +0000] "GET /css/footer.css HTTP/1.1" 404 153 "http://localhost:8000/users/sign-in" "Mozilla/5.0 (Windows NT 10.0; Win64; x64) AppleWebKit/537.36 (KHTML, like Gecko) Chrome/83.0.4103.97 Safari/537.36"
::1 - - [08/Jun/2020:08:36:17 +0000] "GET /css/user_signin.css HTTP/1.1" 404 158 "http://localhost:8000/users/sign-in" "Mozilla/5.0 (Windows NT 10.0; Win64; x64) AppleWebKit/537.36 (KHTML, like Gecko) Chrome/83.0.4103.97 Safari/537.36"
::1 - - [08/Jun/2020:08:41:17 +0000] "GET /users/sign-in HTTP/1.1" 200 1891 "http://localhost:8000/users/sign-in" "Mozilla/5.0 (Linux; Android 6.0; Nexus 5 Build/MRA58N) AppleWebKit/537.36 (KHTML, like Gecko) Chrome/83.0.4103.97 Mobile Safari/537.36"
::1 - - [08/Jun/2020:08:41:19 +0000] "GET /users/sign-in HTTP/1.1" 304 - "http://localhost:8000/users/sign-in" "Mozilla/5.0 (Linux; Android 6.0; Nexus 5 Build/MRA58N) AppleWebKit/537.36 (KHTML, like Gecko) Chrome/83.0.4103.97 Mobile Safari/537.36"
::1 - - [08/Jun/2020:08:41:34 +0000] "GET /users/sign-in HTTP/1.1" 304 - "http://localhost:8000/users/sign-in" "Mozilla/5.0 (Windows NT 10.0; Win64; x64) AppleWebKit/537.36 (KHTML, like Gecko) Chrome/83.0.4103.97 Safari/537.36"
::1 - - [08/Jun/2020:08:41:36 +0000] "POST /users/create-session HTTP/1.1" 302 46 "http://localhost:8000/users/sign-in" "Mozilla/5.0 (Windows NT 10.0; Win64; x64) AppleWebKit/537.36 (KHTML, like Gecko) Chrome/83.0.4103.97 Safari/537.36"
::1 - - [08/Jun/2020:08:41:36 +0000] "GET / HTTP/1.1" 200 9179 "http://localhost:8000/users/sign-in" "Mozilla/5.0 (Windows NT 10.0; Win64; x64) AppleWebKit/537.36 (KHTML, like Gecko) Chrome/83.0.4103.97 Safari/537.36"
::1 - - [08/Jun/2020:08:41:36 +0000] "GET /css/chat_box.css HTTP/1.1" 404 155 "http://localhost:8000/" "Mozilla/5.0 (Windows NT 10.0; Win64; x64) AppleWebKit/537.36 (KHTML, like Gecko) Chrome/83.0.4103.97 Safari/537.36"
::1 - - [08/Jun/2020:08:41:56 +0000] "GET /users/profile/5ed930722410a07d2058410c HTTP/1.1" 200 2309 "http://localhost:8000/" "Mozilla/5.0 (Windows NT 10.0; Win64; x64) AppleWebKit/537.36 (KHTML, like Gecko) Chrome/83.0.4103.97 Safari/537.36"
::1 - - [08/Jun/2020:08:41:56 +0000] "GET /css/user_profile.css HTTP/1.1" 404 159 "http://localhost:8000/users/profile/5ed930722410a07d2058410c" "Mozilla/5.0 (Windows NT 10.0; Win64; x64) AppleWebKit/537.36 (KHTML, like Gecko) Chrome/83.0.4103.97 Safari/537.36"
::1 - - [08/Jun/2020:08:43:07 +0000] "GET /users/profile/5ed930722410a07d2058410c HTTP/1.1" 304 - "http://localhost:8000/" "Mozilla/5.0 (Windows NT 10.0; Win64; x64) AppleWebKit/537.36 (KHTML, like Gecko) Chrome/83.0.4103.97 Safari/537.36"
::1 - - [08/Jun/2020:08:43:07 +0000] "GET /css/user_profile.css HTTP/1.1" 404 159 "http://localhost:8000/users/profile/5ed930722410a07d2058410c" "Mozilla/5.0 (Windows NT 10.0; Win64; x64) AppleWebKit/537.36 (KHTML, like Gecko) Chrome/83.0.4103.97 Safari/537.36"
::1 - - [08/Jun/2020:08:43:09 +0000] "GET /users/sign-out HTTP/1.1" 302 46 "http://localhost:8000/users/profile/5ed930722410a07d2058410c" "Mozilla/5.0 (Windows NT 10.0; Win64; x64) AppleWebKit/537.36 (KHTML, like Gecko) Chrome/83.0.4103.97 Safari/537.36"
::1 - - [08/Jun/2020:08:43:09 +0000] "GET / HTTP/1.1" 200 6150 "http://localhost:8000/users/profile/5ed930722410a07d2058410c" "Mozilla/5.0 (Windows NT 10.0; Win64; x64) AppleWebKit/537.36 (KHTML, like Gecko) Chrome/83.0.4103.97 Safari/537.36"
::1 - - [08/Jun/2020:08:43:09 +0000] "GET /css/chat_box.css HTTP/1.1" 404 155 "http://localhost:8000/" "Mozilla/5.0 (Windows NT 10.0; Win64; x64) AppleWebKit/537.36 (KHTML, like Gecko) Chrome/83.0.4103.97 Safari/537.36"
::1 - - [08/Jun/2020:08:43:11 +0000] "GET /users/sign-up HTTP/1.1" 200 2002 "http://localhost:8000/" "Mozilla/5.0 (Windows NT 10.0; Win64; x64) AppleWebKit/537.36 (KHTML, like Gecko) Chrome/83.0.4103.97 Safari/537.36"
::1 - - [08/Jun/2020:08:44:04 +0000] "GET /users/sign-up HTTP/1.1" 304 - "http://localhost:8000/" "Mozilla/5.0 (Windows NT 10.0; Win64; x64) AppleWebKit/537.36 (KHTML, like Gecko) Chrome/83.0.4103.97 Safari/537.36"
::1 - - [08/Jun/2020:08:44:06 +0000] "GET /users/sign-in HTTP/1.1" 304 - "http://localhost:8000/users/sign-up" "Mozilla/5.0 (Windows NT 10.0; Win64; x64) AppleWebKit/537.36 (KHTML, like Gecko) Chrome/83.0.4103.97 Safari/537.36"
::1 - - [08/Jun/2020:08:44:07 +0000] "POST /users/create-session HTTP/1.1" 302 46 "http://localhost:8000/users/sign-in" "Mozilla/5.0 (Windows NT 10.0; Win64; x64) AppleWebKit/537.36 (KHTML, like Gecko) Chrome/83.0.4103.97 Safari/537.36"
::1 - - [08/Jun/2020:08:44:07 +0000] "GET / HTTP/1.1" 200 9179 "http://localhost:8000/users/sign-in" "Mozilla/5.0 (Windows NT 10.0; Win64; x64) AppleWebKit/537.36 (KHTML, like Gecko) Chrome/83.0.4103.97 Safari/537.36"
::1 - - [08/Jun/2020:08:44:07 +0000] "GET /css/chat_box.css HTTP/1.1" 404 155 "http://localhost:8000/" "Mozilla/5.0 (Windows NT 10.0; Win64; x64) AppleWebKit/537.36 (KHTML, like Gecko) Chrome/83.0.4103.97 Safari/537.36"
::1 - - [08/Jun/2020:08:44:36 +0000] "GET / HTTP/1.1" 200 8818 "http://localhost:8000/users/sign-in" "Mozilla/5.0 (Windows NT 10.0; Win64; x64) AppleWebKit/537.36 (KHTML, like Gecko) Chrome/83.0.4103.97 Safari/537.36"
::1 - - [08/Jun/2020:08:44:36 +0000] "GET /css/chat_box.css HTTP/1.1" 404 155 "http://localhost:8000/" "Mozilla/5.0 (Windows NT 10.0; Win64; x64) AppleWebKit/537.36 (KHTML, like Gecko) Chrome/83.0.4103.97 Safari/537.36"
::1 - - [08/Jun/2020:08:44:43 +0000] "GET / HTTP/1.1" 304 - "http://localhost:8000/users/sign-in" "Mozilla/5.0 (Windows NT 10.0; Win64; x64) AppleWebKit/537.36 (KHTML, like Gecko) Chrome/83.0.4103.97 Safari/537.36"
::1 - - [08/Jun/2020:08:44:43 +0000] "GET /css/chat_box.css HTTP/1.1" 404 155 "http://localhost:8000/" "Mozilla/5.0 (Windows NT 10.0; Win64; x64) AppleWebKit/537.36 (KHTML, like Gecko) Chrome/83.0.4103.97 Safari/537.36"
::1 - - [08/Jun/2020:08:46:36 +0000] "GET / HTTP/1.1" 304 - "http://localhost:8000/users/sign-in" "Mozilla/5.0 (Windows NT 10.0; Win64; x64) AppleWebKit/537.36 (KHTML, like Gecko) Chrome/83.0.4103.97 Safari/537.36"
::1 - - [08/Jun/2020:08:46:36 +0000] "GET /css/chat_box.css HTTP/1.1" 404 155 "http://localhost:8000/" "Mozilla/5.0 (Windows NT 10.0; Win64; x64) AppleWebKit/537.36 (KHTML, like Gecko) Chrome/83.0.4103.97 Safari/537.36"
::1 - - [08/Jun/2020:08:46:37 +0000] "GET / HTTP/1.1" 304 - "http://localhost:8000/users/sign-in" "Mozilla/5.0 (Windows NT 10.0; Win64; x64) AppleWebKit/537.36 (KHTML, like Gecko) Chrome/83.0.4103.97 Safari/537.36"
::1 - - [08/Jun/2020:08:46:37 +0000] "GET /css/chat_box.css HTTP/1.1" 404 155 "http://localhost:8000/" "Mozilla/5.0 (Windows NT 10.0; Win64; x64) AppleWebKit/537.36 (KHTML, like Gecko) Chrome/83.0.4103.97 Safari/537.36"
::1 - - [08/Jun/2020:08:46:37 +0000] "GET / HTTP/1.1" 304 - "http://localhost:8000/users/sign-in" "Mozilla/5.0 (Windows NT 10.0; Win64; x64) AppleWebKit/537.36 (KHTML, like Gecko) Chrome/83.0.4103.97 Safari/537.36"
::1 - - [08/Jun/2020:08:46:37 +0000] "GET /css/chat_box.css HTTP/1.1" 404 155 "http://localhost:8000/" "Mozilla/5.0 (Windows NT 10.0; Win64; x64) AppleWebKit/537.36 (KHTML, like Gecko) Chrome/83.0.4103.97 Safari/537.36"
::1 - - [08/Jun/2020:08:46:38 +0000] "GET / HTTP/1.1" 304 - "http://localhost:8000/users/sign-in" "Mozilla/5.0 (Windows NT 10.0; Win64; x64) AppleWebKit/537.36 (KHTML, like Gecko) Chrome/83.0.4103.97 Safari/537.36"
::1 - - [08/Jun/2020:08:46:38 +0000] "GET /css/chat_box.css HTTP/1.1" 404 155 "http://localhost:8000/" "Mozilla/5.0 (Windows NT 10.0; Win64; x64) AppleWebKit/537.36 (KHTML, like Gecko) Chrome/83.0.4103.97 Safari/537.36"
::1 - - [08/Jun/2020:08:46:38 +0000] "GET / HTTP/1.1" 304 - "http://localhost:8000/users/sign-in" "Mozilla/5.0 (Windows NT 10.0; Win64; x64) AppleWebKit/537.36 (KHTML, like Gecko) Chrome/83.0.4103.97 Safari/537.36"
::1 - - [08/Jun/2020:08:46:38 +0000] "GET /css/chat_box.css HTTP/1.1" 404 155 "http://localhost:8000/" "Mozilla/5.0 (Windows NT 10.0; Win64; x64) AppleWebKit/537.36 (KHTML, like Gecko) Chrome/83.0.4103.97 Safari/537.36"
::1 - - [08/Jun/2020:08:46:38 +0000] "GET / HTTP/1.1" 304 - "http://localhost:8000/users/sign-in" "Mozilla/5.0 (Windows NT 10.0; Win64; x64) AppleWebKit/537.36 (KHTML, like Gecko) Chrome/83.0.4103.97 Safari/537.36"
::1 - - [08/Jun/2020:08:46:38 +0000] "GET /css/chat_box.css HTTP/1.1" 404 155 "http://localhost:8000/" "Mozilla/5.0 (Windows NT 10.0; Win64; x64) AppleWebKit/537.36 (KHTML, like Gecko) Chrome/83.0.4103.97 Safari/537.36"
::1 - - [08/Jun/2020:08:47:10 +0000] "GET / HTTP/1.1" 304 - "http://localhost:8000/users/sign-in" "Mozilla/5.0 (Windows NT 10.0; Win64; x64) AppleWebKit/537.36 (KHTML, like Gecko) Chrome/83.0.4103.97 Safari/537.36"
::1 - - [08/Jun/2020:08:47:10 +0000] "GET /css/chat_box.css HTTP/1.1" 404 155 "http://localhost:8000/" "Mozilla/5.0 (Windows NT 10.0; Win64; x64) AppleWebKit/537.36 (KHTML, like Gecko) Chrome/83.0.4103.97 Safari/537.36"
::1 - - [08/Jun/2020:08:48:26 +0000] "GET / HTTP/1.1" 304 - "http://localhost:8000/users/sign-in" "Mozilla/5.0 (Windows NT 10.0; Win64; x64) AppleWebKit/537.36 (KHTML, like Gecko) Chrome/83.0.4103.97 Safari/537.36"
::1 - - [08/Jun/2020:08:48:26 +0000] "GET /css/chat_box.css HTTP/1.1" 404 155 "http://localhost:8000/" "Mozilla/5.0 (Windows NT 10.0; Win64; x64) AppleWebKit/537.36 (KHTML, like Gecko) Chrome/83.0.4103.97 Safari/537.36"
::1 - - [08/Jun/2020:08:48:27 +0000] "GET / HTTP/1.1" 304 - "http://localhost:8000/users/sign-in" "Mozilla/5.0 (Windows NT 10.0; Win64; x64) AppleWebKit/537.36 (KHTML, like Gecko) Chrome/83.0.4103.97 Safari/537.36"
::1 - - [08/Jun/2020:08:48:27 +0000] "GET /css/chat_box.css HTTP/1.1" 404 155 "http://localhost:8000/" "Mozilla/5.0 (Windows NT 10.0; Win64; x64) AppleWebKit/537.36 (KHTML, like Gecko) Chrome/83.0.4103.97 Safari/537.36"
::1 - - [08/Jun/2020:08:48:28 +0000] "GET / HTTP/1.1" 304 - "http://localhost:8000/users/sign-in" "Mozilla/5.0 (Windows NT 10.0; Win64; x64) AppleWebKit/537.36 (KHTML, like Gecko) Chrome/83.0.4103.97 Safari/537.36"
::1 - - [08/Jun/2020:08:48:28 +0000] "GET /css/chat_box.css HTTP/1.1" 404 155 "http://localhost:8000/" "Mozilla/5.0 (Windows NT 10.0; Win64; x64) AppleWebKit/537.36 (KHTML, like Gecko) Chrome/83.0.4103.97 Safari/537.36"
::1 - - [08/Jun/2020:08:48:40 +0000] "GET / HTTP/1.1" 304 - "http://localhost:8000/users/sign-in" "Mozilla/5.0 (Windows NT 10.0; Win64; x64) AppleWebKit/537.36 (KHTML, like Gecko) Chrome/83.0.4103.97 Safari/537.36"
::1 - - [08/Jun/2020:08:48:40 +0000] "GET /css/chat_box.css HTTP/1.1" 404 155 "http://localhost:8000/" "Mozilla/5.0 (Windows NT 10.0; Win64; x64) AppleWebKit/537.36 (KHTML, like Gecko) Chrome/83.0.4103.97 Safari/537.36"
::1 - - [08/Jun/2020:08:48:40 +0000] "GET / HTTP/1.1" 304 - "http://localhost:8000/users/sign-in" "Mozilla/5.0 (Windows NT 10.0; Win64; x64) AppleWebKit/537.36 (KHTML, like Gecko) Chrome/83.0.4103.97 Safari/537.36"
::1 - - [08/Jun/2020:08:48:40 +0000] "GET /css/chat_box.css HTTP/1.1" 404 155 "http://localhost:8000/" "Mozilla/5.0 (Windows NT 10.0; Win64; x64) AppleWebKit/537.36 (KHTML, like Gecko) Chrome/83.0.4103.97 Safari/537.36"
::1 - - [08/Jun/2020:08:48:40 +0000] "GET / HTTP/1.1" 304 - "http://localhost:8000/users/sign-in" "Mozilla/5.0 (Windows NT 10.0; Win64; x64) AppleWebKit/537.36 (KHTML, like Gecko) Chrome/83.0.4103.97 Safari/537.36"
::1 - - [08/Jun/2020:08:48:40 +0000] "GET /css/chat_box.css HTTP/1.1" 404 155 "http://localhost:8000/" "Mozilla/5.0 (Windows NT 10.0; Win64; x64) AppleWebKit/537.36 (KHTML, like Gecko) Chrome/83.0.4103.97 Safari/537.36"
::1 - - [08/Jun/2020:08:48:40 +0000] "GET / HTTP/1.1" 304 - "http://localhost:8000/users/sign-in" "Mozilla/5.0 (Windows NT 10.0; Win64; x64) AppleWebKit/537.36 (KHTML, like Gecko) Chrome/83.0.4103.97 Safari/537.36"
::1 - - [08/Jun/2020:08:48:40 +0000] "GET /css/chat_box.css HTTP/1.1" 404 155 "http://localhost:8000/" "Mozilla/5.0 (Windows NT 10.0; Win64; x64) AppleWebKit/537.36 (KHTML, like Gecko) Chrome/83.0.4103.97 Safari/537.36"
::1 - - [08/Jun/2020:08:48:40 +0000] "GET / HTTP/1.1" 304 - "http://localhost:8000/users/sign-in" "Mozilla/5.0 (Windows NT 10.0; Win64; x64) AppleWebKit/537.36 (KHTML, like Gecko) Chrome/83.0.4103.97 Safari/537.36"
::1 - - [08/Jun/2020:08:48:41 +0000] "GET /css/chat_box.css HTTP/1.1" 404 155 "http://localhost:8000/" "Mozilla/5.0 (Windows NT 10.0; Win64; x64) AppleWebKit/537.36 (KHTML, like Gecko) Chrome/83.0.4103.97 Safari/537.36"
::1 - - [08/Jun/2020:08:48:43 +0000] "GET /css/chat_box.css HTTP/1.1" 404 155 "http://localhost:8000/" "Mozilla/5.0 (Windows NT 10.0; Win64; x64) AppleWebKit/537.36 (KHTML, like Gecko) Chrome/83.0.4103.97 Safari/537.36"
::1 - - [08/Jun/2020:10:56:34 +0000] "GET / HTTP/1.1" 200 5881 "http://localhost:8000/users/sign-in" "Mozilla/5.0 (Windows NT 10.0; Win64; x64) AppleWebKit/537.36 (KHTML, like Gecko) Chrome/83.0.4103.97 Safari/537.36"
::1 - - [08/Jun/2020:10:56:36 +0000] "GET / HTTP/1.1" 304 - "http://localhost:8000/users/sign-in" "Mozilla/5.0 (Windows NT 10.0; Win64; x64) AppleWebKit/537.36 (KHTML, like Gecko) Chrome/83.0.4103.97 Safari/537.36"
::1 - - [08/Jun/2020:10:56:39 +0000] "GET /users/sign-in HTTP/1.1" 304 - "http://localhost:8000/" "Mozilla/5.0 (Windows NT 10.0; Win64; x64) AppleWebKit/537.36 (KHTML, like Gecko) Chrome/83.0.4103.97 Safari/537.36"
::1 - - [08/Jun/2020:10:56:40 +0000] "POST /users/create-session HTTP/1.1" 302 46 "http://localhost:8000/users/sign-in" "Mozilla/5.0 (Windows NT 10.0; Win64; x64) AppleWebKit/537.36 (KHTML, like Gecko) Chrome/83.0.4103.97 Safari/537.36"
::1 - - [08/Jun/2020:10:56:40 +0000] "GET / HTTP/1.1" 200 9190 "http://localhost:8000/users/sign-in" "Mozilla/5.0 (Windows NT 10.0; Win64; x64) AppleWebKit/537.36 (KHTML, like Gecko) Chrome/83.0.4103.97 Safari/537.36"
::1 - - [08/Jun/2020:10:56:49 +0000] "POST /likes/toggle/?id=5ed930a92410a07d2058410e&type=Post HTTP/1.1" 200 57 "http://localhost:8000/" "Mozilla/5.0 (Windows NT 10.0; Win64; x64) AppleWebKit/537.36 (KHTML, like Gecko) Chrome/83.0.4103.97 Safari/537.36"
::1 - - [08/Jun/2020:10:56:52 +0000] "POST /likes/toggle/?id=5ed930a92410a07d2058410e&type=Post HTTP/1.1" 200 56 "http://localhost:8000/" "Mozilla/5.0 (Windows NT 10.0; Win64; x64) AppleWebKit/537.36 (KHTML, like Gecko) Chrome/83.0.4103.97 Safari/537.36"
::1 - - [08/Jun/2020:10:57:50 +0000] "GET /users/profile/5ed930722410a07d2058410c HTTP/1.1" 304 - "http://localhost:8000/" "Mozilla/5.0 (Windows NT 10.0; Win64; x64) AppleWebKit/537.36 (KHTML, like Gecko) Chrome/83.0.4103.97 Safari/537.36"
::1 - - [08/Jun/2020:10:57:50 +0000] "GET /css/user_profile.css HTTP/1.1" 404 159 "http://localhost:8000/users/profile/5ed930722410a07d2058410c" "Mozilla/5.0 (Windows NT 10.0; Win64; x64) AppleWebKit/537.36 (KHTML, like Gecko) Chrome/83.0.4103.97 Safari/537.36"
::1 - - [08/Jun/2020:10:58:46 +0000] "GET /users/profile/5ed930722410a07d2058410c HTTP/1.1" 304 - "http://localhost:8000/" "Mozilla/5.0 (Windows NT 10.0; Win64; x64) AppleWebKit/537.36 (KHTML, like Gecko) Chrome/83.0.4103.97 Safari/537.36"
::1 - - [08/Jun/2020:10:58:46 +0000] "GET /css/user_profile.css HTTP/1.1" 404 159 "http://localhost:8000/users/profile/5ed930722410a07d2058410c" "Mozilla/5.0 (Windows NT 10.0; Win64; x64) AppleWebKit/537.36 (KHTML, like Gecko) Chrome/83.0.4103.97 Safari/537.36"
::1 - - [08/Jun/2020:10:58:47 +0000] "GET /users/profile/5ed930722410a07d2058410c HTTP/1.1" 304 - "http://localhost:8000/" "Mozilla/5.0 (Windows NT 10.0; Win64; x64) AppleWebKit/537.36 (KHTML, like Gecko) Chrome/83.0.4103.97 Safari/537.36"
::1 - - [08/Jun/2020:10:58:47 +0000] "GET /css/user_profile.css HTTP/1.1" 404 159 "http://localhost:8000/users/profile/5ed930722410a07d2058410c" "Mozilla/5.0 (Windows NT 10.0; Win64; x64) AppleWebKit/537.36 (KHTML, like Gecko) Chrome/83.0.4103.97 Safari/537.36"
::1 - - [08/Jun/2020:10:58:48 +0000] "GET /users/profile/5ed930722410a07d2058410c HTTP/1.1" 304 - "http://localhost:8000/" "Mozilla/5.0 (Windows NT 10.0; Win64; x64) AppleWebKit/537.36 (KHTML, like Gecko) Chrome/83.0.4103.97 Safari/537.36"
::1 - - [08/Jun/2020:10:58:48 +0000] "GET /css/user_profile.css HTTP/1.1" 404 159 "http://localhost:8000/users/profile/5ed930722410a07d2058410c" "Mozilla/5.0 (Windows NT 10.0; Win64; x64) AppleWebKit/537.36 (KHTML, like Gecko) Chrome/83.0.4103.97 Safari/537.36"
::1 - - [08/Jun/2020:10:59:01 +0000] "GET / HTTP/1.1" 200 8829 "http://localhost:8000/users/sign-in" "Mozilla/5.0 (Windows NT 10.0; Win64; x64) AppleWebKit/537.36 (KHTML, like Gecko) Chrome/83.0.4103.97 Safari/537.36"
::1 - - [08/Jun/2020:10:59:02 +0000] "GET / HTTP/1.1" 304 - "http://localhost:8000/users/sign-in" "Mozilla/5.0 (Windows NT 10.0; Win64; x64) AppleWebKit/537.36 (KHTML, like Gecko) Chrome/83.0.4103.97 Safari/537.36"
::1 - - [08/Jun/2020:10:59:04 +0000] "GET /users/profile/5ed9318f2410a07d20584113 HTTP/1.1" 200 2303 "http://localhost:8000/" "Mozilla/5.0 (Windows NT 10.0; Win64; x64) AppleWebKit/537.36 (KHTML, like Gecko) Chrome/83.0.4103.97 Safari/537.36"
::1 - - [08/Jun/2020:10:59:04 +0000] "GET /css/user_profile.css HTTP/1.1" 404 159 "http://localhost:8000/users/profile/5ed9318f2410a07d20584113" "Mozilla/5.0 (Windows NT 10.0; Win64; x64) AppleWebKit/537.36 (KHTML, like Gecko) Chrome/83.0.4103.97 Safari/537.36"
::1 - - [08/Jun/2020:11:00:58 +0000] "GET / HTTP/1.1" 304 - "http://localhost:8000/users/sign-in" "Mozilla/5.0 (Windows NT 10.0; Win64; x64) AppleWebKit/537.36 (KHTML, like Gecko) Chrome/83.0.4103.97 Safari/537.36"
::1 - - [08/Jun/2020:11:01:03 +0000] "GET /users/profile/5ed930722410a07d2058410c HTTP/1.1" 304 - "http://localhost:8000/" "Mozilla/5.0 (Windows NT 10.0; Win64; x64) AppleWebKit/537.36 (KHTML, like Gecko) Chrome/83.0.4103.97 Safari/537.36"
::1 - - [08/Jun/2020:11:01:03 +0000] "GET /css/user_profile.css HTTP/1.1" 404 159 "http://localhost:8000/users/profile/5ed930722410a07d2058410c" "Mozilla/5.0 (Windows NT 10.0; Win64; x64) AppleWebKit/537.36 (KHTML, like Gecko) Chrome/83.0.4103.97 Safari/537.36"
::1 - - [08/Jun/2020:11:01:24 +0000] "GET /users/profile/5ed930722410a07d2058410c HTTP/1.1" 200 2320 "http://localhost:8000/" "Mozilla/5.0 (Windows NT 10.0; Win64; x64) AppleWebKit/537.36 (KHTML, like Gecko) Chrome/83.0.4103.97 Safari/537.36"
::1 - - [08/Jun/2020:11:01:36 +0000] "GET /users/profile/5ed930722410a07d2058410c HTTP/1.1" 304 - "http://localhost:8000/" "Mozilla/5.0 (Windows NT 10.0; Win64; x64) AppleWebKit/537.36 (KHTML, like Gecko) Chrome/83.0.4103.97 Safari/537.36"
::1 - - [08/Jun/2020:11:01:41 +0000] "GET /users/profile/5ed9318f2410a07d20584113 HTTP/1.1" 200 2314 "http://localhost:8000/" "Mozilla/5.0 (Windows NT 10.0; Win64; x64) AppleWebKit/537.36 (KHTML, like Gecko) Chrome/83.0.4103.97 Safari/537.36"
::1 - - [08/Jun/2020:11:01:53 +0000] "POST /posts/create-post HTTP/1.1" 200 515 "http://localhost:8000/" "Mozilla/5.0 (Windows NT 10.0; Win64; x64) AppleWebKit/537.36 (KHTML, like Gecko) Chrome/83.0.4103.97 Safari/537.36"
::1 - - [08/Jun/2020:11:01:57 +0000] "GET /likes/toggle/?id= HTTP/1.1" 404 152 "http://localhost:8000/" "Mozilla/5.0 (Windows NT 10.0; Win64; x64) AppleWebKit/537.36 (KHTML, like Gecko) Chrome/83.0.4103.97 Safari/537.36"
::1 - - [08/Jun/2020:11:02:04 +0000] "POST /posts/create-post HTTP/1.1" 200 515 "http://localhost:8000/" "Mozilla/5.0 (Windows NT 10.0; Win64; x64) AppleWebKit/537.36 (KHTML, like Gecko) Chrome/83.0.4103.97 Safari/537.36"
::1 - - [08/Jun/2020:11:02:07 +0000] "GET /likes/toggle/?id= HTTP/1.1" 404 152 "http://localhost:8000/" "Mozilla/5.0 (Windows NT 10.0; Win64; x64) AppleWebKit/537.36 (KHTML, like Gecko) Chrome/83.0.4103.97 Safari/537.36"
::1 - - [08/Jun/2020:11:02:14 +0000] "POST /posts/create-post HTTP/1.1" 200 515 "http://localhost:8000/" "Mozilla/5.0 (Windows NT 10.0; Win64; x64) AppleWebKit/537.36 (KHTML, like Gecko) Chrome/83.0.4103.97 Safari/537.36"
::1 - - [08/Jun/2020:11:02:18 +0000] "POST /comments/create HTTP/1.1" 302 88 "http://localhost:8000/" "Mozilla/5.0 (Windows NT 10.0; Win64; x64) AppleWebKit/537.36 (KHTML, like Gecko) Chrome/83.0.4103.97 Safari/537.36"
::1 - - [08/Jun/2020:11:02:18 +0000] "GET / HTTP/1.1" 200 17702 "http://localhost:8000/" "Mozilla/5.0 (Windows NT 10.0; Win64; x64) AppleWebKit/537.36 (KHTML, like Gecko) Chrome/83.0.4103.97 Safari/537.36"
::1 - - [08/Jun/2020:11:02:22 +0000] "POST /likes/toggle/?id=5ede1aba01d47d60f442b4fe&type=Comment HTTP/1.1" 200 57 "http://localhost:8000/" "Mozilla/5.0 (Windows NT 10.0; Win64; x64) AppleWebKit/537.36 (KHTML, like Gecko) Chrome/83.0.4103.97 Safari/537.36"
::1 - - [08/Jun/2020:11:02:23 +0000] "POST /likes/toggle/?id=5ede1ab601d47d60f442b4fd&type=Post HTTP/1.1" 200 57 "http://localhost:8000/" "Mozilla/5.0 (Windows NT 10.0; Win64; x64) AppleWebKit/537.36 (KHTML, like Gecko) Chrome/83.0.4103.97 Safari/537.36"
::1 - - [08/Jun/2020:11:02:24 +0000] "POST /likes/toggle/?id=5ede1ab601d47d60f442b4fd&type=Post HTTP/1.1" 200 56 "http://localhost:8000/" "Mozilla/5.0 (Windows NT 10.0; Win64; x64) AppleWebKit/537.36 (KHTML, like Gecko) Chrome/83.0.4103.97 Safari/537.36"
::1 - - [08/Jun/2020:11:02:25 +0000] "POST /likes/toggle/?id=5ede1ab601d47d60f442b4fd&type=Post HTTP/1.1" 200 57 "http://localhost:8000/" "Mozilla/5.0 (Windows NT 10.0; Win64; x64) AppleWebKit/537.36 (KHTML, like Gecko) Chrome/83.0.4103.97 Safari/537.36"
::1 - - [08/Jun/2020:11:02:26 +0000] "POST /likes/toggle/?id=5ede1ab601d47d60f442b4fd&type=Post HTTP/1.1" 200 56 "http://localhost:8000/" "Mozilla/5.0 (Windows NT 10.0; Win64; x64) AppleWebKit/537.36 (KHTML, like Gecko) Chrome/83.0.4103.97 Safari/537.36"
::1 - - [08/Jun/2020:11:02:29 +0000] "GET /comments/destroy/5ede1aba01d47d60f442b4fe HTTP/1.1" 200 78 "http://localhost:8000/" "Mozilla/5.0 (Windows NT 10.0; Win64; x64) AppleWebKit/537.36 (KHTML, like Gecko) Chrome/83.0.4103.97 Safari/537.36"
::1 - - [08/Jun/2020:11:02:30 +0000] "POST /likes/toggle/?id=5ede1ab601d47d60f442b4fd&type=Post HTTP/1.1" 200 57 "http://localhost:8000/" "Mozilla/5.0 (Windows NT 10.0; Win64; x64) AppleWebKit/537.36 (KHTML, like Gecko) Chrome/83.0.4103.97 Safari/537.36"
::1 - - [08/Jun/2020:11:02:31 +0000] "POST /likes/toggle/?id=5ede1ab601d47d60f442b4fd&type=Post HTTP/1.1" 200 56 "http://localhost:8000/" "Mozilla/5.0 (Windows NT 10.0; Win64; x64) AppleWebKit/537.36 (KHTML, like Gecko) Chrome/83.0.4103.97 Safari/537.36"
::1 - - [08/Jun/2020:11:02:32 +0000] "POST /likes/toggle/?id=5ede1ab601d47d60f442b4fd&type=Post HTTP/1.1" 200 57 "http://localhost:8000/" "Mozilla/5.0 (Windows NT 10.0; Win64; x64) AppleWebKit/537.36 (KHTML, like Gecko) Chrome/83.0.4103.97 Safari/537.36"
::1 - - [08/Jun/2020:11:02:32 +0000] "POST /likes/toggle/?id=5ede1ab601d47d60f442b4fd&type=Post HTTP/1.1" 200 56 "http://localhost:8000/" "Mozilla/5.0 (Windows NT 10.0; Win64; x64) AppleWebKit/537.36 (KHTML, like Gecko) Chrome/83.0.4103.97 Safari/537.36"
::1 - - [08/Jun/2020:11:02:32 +0000] "POST /likes/toggle/?id=5ede1ab601d47d60f442b4fd&type=Post HTTP/1.1" 200 57 "http://localhost:8000/" "Mozilla/5.0 (Windows NT 10.0; Win64; x64) AppleWebKit/537.36 (KHTML, like Gecko) Chrome/83.0.4103.97 Safari/537.36"
::1 - - [08/Jun/2020:11:02:32 +0000] "POST /likes/toggle/?id=5ede1ab601d47d60f442b4fd&type=Post HTTP/1.1" 200 56 "http://localhost:8000/" "Mozilla/5.0 (Windows NT 10.0; Win64; x64) AppleWebKit/537.36 (KHTML, like Gecko) Chrome/83.0.4103.97 Safari/537.36"
::1 - - [08/Jun/2020:11:02:32 +0000] "POST /likes/toggle/?id=5ede1ab601d47d60f442b4fd&type=Post HTTP/1.1" 200 57 "http://localhost:8000/" "Mozilla/5.0 (Windows NT 10.0; Win64; x64) AppleWebKit/537.36 (KHTML, like Gecko) Chrome/83.0.4103.97 Safari/537.36"
::1 - - [08/Jun/2020:11:02:33 +0000] "POST /likes/toggle/?id=5ede1ab601d47d60f442b4fd&type=Post HTTP/1.1" 200 56 "http://localhost:8000/" "Mozilla/5.0 (Windows NT 10.0; Win64; x64) AppleWebKit/537.36 (KHTML, like Gecko) Chrome/83.0.4103.97 Safari/537.36"
::1 - - [08/Jun/2020:11:02:34 +0000] "GET /posts/destroy/5ede1ab601d47d60f442b4fd HTTP/1.1" 200 73 "http://localhost:8000/" "Mozilla/5.0 (Windows NT 10.0; Win64; x64) AppleWebKit/537.36 (KHTML, like Gecko) Chrome/83.0.4103.97 Safari/537.36"
::1 - - [08/Jun/2020:11:02:38 +0000] "GET / HTTP/1.1" 200 13631 "http://localhost:8000/" "Mozilla/5.0 (Windows NT 10.0; Win64; x64) AppleWebKit/537.36 (KHTML, like Gecko) Chrome/83.0.4103.97 Safari/537.36"
::1 - - [08/Jun/2020:11:02:39 +0000] "GET / HTTP/1.1" 304 - "http://localhost:8000/" "Mozilla/5.0 (Windows NT 10.0; Win64; x64) AppleWebKit/537.36 (KHTML, like Gecko) Chrome/83.0.4103.97 Safari/537.36"
::1 - - [08/Jun/2020:11:02:41 +0000] "GET /posts/destroy/5ede1aac01d47d60f442b4fc HTTP/1.1" 200 73 "http://localhost:8000/" "Mozilla/5.0 (Windows NT 10.0; Win64; x64) AppleWebKit/537.36 (KHTML, like Gecko) Chrome/83.0.4103.97 Safari/537.36"
::1 - - [08/Jun/2020:11:02:42 +0000] "GET /posts/destroy/5ede1aa101d47d60f442b4fb HTTP/1.1" 200 73 "http://localhost:8000/" "Mozilla/5.0 (Windows NT 10.0; Win64; x64) AppleWebKit/537.36 (KHTML, like Gecko) Chrome/83.0.4103.97 Safari/537.36"
::1 - - [08/Jun/2020:11:02:46 +0000] "GET / HTTP/1.1" 200 8829 "http://localhost:8000/" "Mozilla/5.0 (Windows NT 10.0; Win64; x64) AppleWebKit/537.36 (KHTML, like Gecko) Chrome/83.0.4103.97 Safari/537.36"
::1 - - [08/Jun/2020:11:04:37 +0000] "GET /users/sign-out HTTP/1.1" 302 46 "http://localhost:8000/" "Mozilla/5.0 (Windows NT 10.0; Win64; x64) AppleWebKit/537.36 (KHTML, like Gecko) Chrome/83.0.4103.97 Safari/537.36"
::1 - - [08/Jun/2020:11:04:37 +0000] "GET / HTTP/1.1" 200 6161 "http://localhost:8000/" "Mozilla/5.0 (Windows NT 10.0; Win64; x64) AppleWebKit/537.36 (KHTML, like Gecko) Chrome/83.0.4103.97 Safari/537.36"
::1 - - [08/Jun/2020:11:04:42 +0000] "GET /users/sign-in HTTP/1.1" 304 - "http://localhost:8000/" "Mozilla/5.0 (Windows NT 10.0; Win64; x64) AppleWebKit/537.36 (KHTML, like Gecko) Chrome/83.0.4103.97 Safari/537.36"
::1 - - [08/Jun/2020:11:04:45 +0000] "GET /users/auth/google HTTP/1.1" 302 0 "http://localhost:8000/users/sign-in" "Mozilla/5.0 (Windows NT 10.0; Win64; x64) AppleWebKit/537.36 (KHTML, like Gecko) Chrome/83.0.4103.97 Safari/537.36"
::1 - - [08/Jun/2020:11:05:20 +0000] "POST /users/create-session HTTP/1.1" 302 46 "http://localhost:8000/users/sign-in" "Mozilla/5.0 (Windows NT 10.0; Win64; x64) AppleWebKit/537.36 (KHTML, like Gecko) Chrome/83.0.4103.97 Safari/537.36"
::1 - - [08/Jun/2020:11:05:20 +0000] "GET / HTTP/1.1" 200 9446 "http://localhost:8000/users/sign-in" "Mozilla/5.0 (Windows NT 10.0; Win64; x64) AppleWebKit/537.36 (KHTML, like Gecko) Chrome/83.0.4103.97 Safari/537.36"
::1 - - [08/Jun/2020:11:05:43 +0000] "GET /users/profile HTTP/1.1" 404 152 "http://localhost:8000/" "Mozilla/5.0 (Windows NT 10.0; Win64; x64) AppleWebKit/537.36 (KHTML, like Gecko) Chrome/83.0.4103.97 Safari/537.36"
::1 - - [08/Jun/2020:11:05:48 +0000] "GET /users/profile/5ed9318f2410a07d20584113 HTTP/1.1" 200 2316 "http://localhost:8000/" "Mozilla/5.0 (Windows NT 10.0; Win64; x64) AppleWebKit/537.36 (KHTML, like Gecko) Chrome/83.0.4103.97 Safari/537.36"
::1 - - [08/Jun/2020:11:05:55 +0000] "GET /users/profile/5ed9318f2410a07d20584113 HTTP/1.1" 304 - "http://localhost:8000/" "Mozilla/5.0 (Windows NT 10.0; Win64; x64) AppleWebKit/537.36 (KHTML, like Gecko) Chrome/83.0.4103.97 Safari/537.36"
::1 - - [08/Jun/2020:11:06:03 +0000] "GET /users/profile/5ed930722410a07d2058410c HTTP/1.1" 200 2724 "http://localhost:8000/" "Mozilla/5.0 (Windows NT 10.0; Win64; x64) AppleWebKit/537.36 (KHTML, like Gecko) Chrome/83.0.4103.97 Safari/537.36"
::1 - - [10/Jun/2020:09:00:11 +0000] "GET / HTTP/1.1" 200 5881 "-" "Mozilla/5.0 (Windows NT 10.0; Win64; x64) AppleWebKit/537.36 (KHTML, like Gecko) Chrome/83.0.4103.97 Safari/537.36"
::1 - - [10/Jun/2020:09:00:11 +0000] "GET /favicon.ico HTTP/1.1" 404 150 "http://localhost:8000/" "Mozilla/5.0 (Windows NT 10.0; Win64; x64) AppleWebKit/537.36 (KHTML, like Gecko) Chrome/83.0.4103.97 Safari/537.36"
::1 - - [10/Jun/2020:09:00:13 +0000] "GET / HTTP/1.1" 304 - "-" "Mozilla/5.0 (Windows NT 10.0; Win64; x64) AppleWebKit/537.36 (KHTML, like Gecko) Chrome/83.0.4103.97 Safari/537.36"
